#
# There is insufficient memory for the Java Runtime Environment to continue.
# Native memory allocation (mmap) failed to map 67108864 bytes for G1 virtual space
# Possible reasons:
#   The system is out of physical RAM or swap space
#   The process is running with CompressedOops enabled, and the Java Heap may be blocking the growth of the native heap
# Possible solutions:
#   Reduce memory load on the system
#   Increase physical memory or swap space
#   Check if swap backing store is full
#   Decrease Java heap size (-Xmx/-Xms)
#   Decrease number of Java threads
#   Decrease Java thread stack sizes (-Xss)
#   Set larger code cache with -XX:ReservedCodeCacheSize=
#   JVM is running with Unscaled Compressed Oops mode in which the Java heap is
#     placed in the first 4GB address space. The Java Heap base address is the
#     maximum limit for the native heap growth. Please use -XX:HeapBaseMinAddress
#     to set the Java Heap base and to place the Java Heap above 4GB virtual address.
# This output file may be truncated or incomplete.
#
#  Out of Memory Error (os_windows.cpp:3548), pid=14420, tid=14404
#
# JRE version:  (17.0.11+7) (build )
# Java VM: Java HotSpot(TM) 64-Bit Server VM (17.0.11+7-LTS-207, mixed mode, sharing, tiered, compressed oops, compressed class ptrs, g1 gc, windows-amd64)
# No core dump will be written. Minidumps are not enabled by default on client versions of Windows
#

---------------  S U M M A R Y ------------

Command Line: -Dfile.encoding=UTF-8 travel.management.system.CheckPackage

Host: Intel(R) Core(TM) i3-5005U CPU @ 2.00GHz, 4 cores, 3G,  Windows 10 , 64 bit Build 19041 (10.0.19041.5072)
Time: Thu Nov 14 02:21:50 2024 India Standard Time elapsed time: 0.028287 seconds (0d 0h 0m 0s)

---------------  T H R E A D  ---------------

Current thread (0x000001a9ec893980):  JavaThread "Unknown thread" [_thread_in_vm, id=14404, stack(0x000000056f400000,0x000000056f500000)]

Stack: [0x000000056f400000,0x000000056f500000]
Native frames: (J=compiled Java code, j=interpreted, Vv=VM code, C=native code)
V  [jvm.dll+0x679cca]
V  [jvm.dll+0x7da13d]
V  [jvm.dll+0x7dba83]
V  [jvm.dll+0x7dc0f3]
V  [jvm.dll+0x2449af]
V  [jvm.dll+0x676ce9]
V  [jvm.dll+0x66b852]
V  [jvm.dll+0x3018d6]
V  [jvm.dll+0x308e76]
V  [jvm.dll+0x3596ee]
V  [jvm.dll+0x35991f]
V  [jvm.dll+0x2d89a8]
V  [jvm.dll+0x2d9914]
V  [jvm.dll+0x7ac6b1]
V  [jvm.dll+0x366f61]
V  [jvm.dll+0x78b609]
V  [jvm.dll+0x3ec22f]
V  [jvm.dll+0x3ede61]
C  [jli.dll+0x5297]
C  [ucrtbase.dll+0x21bb2]
C  [KERNEL32.DLL+0x17374]
C  [ntdll.dll+0x4cc91]


---------------  P R O C E S S  ---------------

Threads class SMR info:
_java_thread_list=0x00007ffb28327a18, length=0, elements={
}

Java Threads: ( => current thread )

Other Threads:
  0x000001a9ec8d2950 GCTaskThread "GC Thread#0" [stack: 0x000000056f500000,0x000000056f600000] [id=6736]
  0x000001a9ec8db530 ConcurrentGCThread "G1 Main Marker" [stack: 0x000000056f600000,0x000000056f700000] [id=15096]
  0x000001a9ec8dc5f0 ConcurrentGCThread "G1 Conc#0" [stack: 0x000000056f700000,0x000000056f800000] [id=7220]

[error occurred during error reporting (printing all threads), id 0xc0000005, EXCEPTION_ACCESS_VIOLATION (0xc0000005) at pc=0x00007ffb27b59497]

VM state: not at safepoint (not fully initialized)

VM Mutex/Monitor currently owned by a thread:  ([mutex/lock_event])
[0x000001a9ec88f090] Heap_lock - owner thread: 0x000001a9ec893980

Heap address: 0x00000000c1400000, size: 1004 MB, Compressed Oops mode: 32-bit

CDS archive(s) mapped at: [0x0000000000000000-0x0000000000000000-0x0000000000000000), size 0, SharedBaseAddress: 0x0000000800000000, ArchiveRelocationMode: 1.
Narrow klass base: 0x0000000000000000, Narrow klass shift: 0, Narrow klass range: 0x0

GC Precious Log:
<Empty>

Heap:
 garbage-first heap   total 0K, used 0K [0x00000000c1400000, 0x0000000100000000)
  region size 1024K, 0 young (0K), 0 survivors (0K)

[error occurred during error reporting (printing heap information), id 0xc0000005, EXCEPTION_ACCESS_VIOLATION (0xc0000005) at pc=0x00007ffb27f43559]

GC Heap History (0 events):
No events

Deoptimization events (0 events):
No events

Classes unloaded (0 events):
No events

Classes redefined (0 events):
No events

Internal exceptions (0 events):
No events

VM Operations (0 events):
No events

Events (1 events):
Event: 0.016 Loaded shared library C:\Program Files\Java\jdk-17\bin\java.dll


Dynamic libraries:
0x00007ff6c44b0000 - 0x00007ff6c44c0000 	C:\Program Files\Java\jdk-17\bin\java.exe
0x00007ffb59330000 - 0x00007ffb59528000 	C:\Windows\SYSTEM32\ntdll.dll
0x00007ffb58b60000 - 0x00007ffb58c22000 	C:\Windows\System32\KERNEL32.DLL
0x00007ffb56c90000 - 0x00007ffb56f8e000 	C:\Windows\System32\KERNELBASE.dll
0x00007ffb531a0000 - 0x00007ffb53234000 	C:\Windows\SYSTEM32\apphelp.dll
0x00007ffb56af0000 - 0x00007ffb56bf0000 	C:\Windows\System32\ucrtbase.dll
0x00007ffb4eaa0000 - 0x00007ffb4eabb000 	C:\Program Files\Java\jdk-17\bin\VCRUNTIME140.dll
0x00007ffb4ec40000 - 0x00007ffb4ec59000 	C:\Program Files\Java\jdk-17\bin\jli.dll
0x00007ffb57350000 - 0x00007ffb57401000 	C:\Windows\System32\ADVAPI32.dll
0x00007ffb58ac0000 - 0x00007ffb58b5e000 	C:\Windows\System32\msvcrt.dll
0x00007ffb58890000 - 0x00007ffb5892f000 	C:\Windows\System32\sechost.dll
0x00007ffb590a0000 - 0x00007ffb591c3000 	C:\Windows\System32\RPCRT4.dll
0x00007ffb572d0000 - 0x00007ffb572f7000 	C:\Windows\System32\bcrypt.dll
0x00007ffb584c0000 - 0x00007ffb5865d000 	C:\Windows\System32\USER32.dll
0x00007ffb56c60000 - 0x00007ffb56c82000 	C:\Windows\System32\win32u.dll
0x00007ffb46180000 - 0x00007ffb4641a000 	C:\Windows\WinSxS\amd64_microsoft.windows.common-controls_6595b64144ccf1df_6.0.19041.4355_none_60b8b9eb71f62e16\COMCTL32.dll
0x00007ffb58860000 - 0x00007ffb5888b000 	C:\Windows\System32\GDI32.dll
0x00007ffb569d0000 - 0x00007ffb56ae7000 	C:\Windows\System32\gdi32full.dll
0x00007ffb56f90000 - 0x00007ffb5702d000 	C:\Windows\System32\msvcp_win.dll
0x00007ffb47d20000 - 0x00007ffb47d2a000 	C:\Windows\SYSTEM32\VERSION.dll
0x00007ffb576b0000 - 0x00007ffb576df000 	C:\Windows\System32\IMM32.DLL
0x00007ffb4a0a0000 - 0x00007ffb4a0ac000 	C:\Program Files\Java\jdk-17\bin\vcruntime140_1.dll
0x00007ffb2bfb0000 - 0x00007ffb2c03e000 	C:\Program Files\Java\jdk-17\bin\msvcp140.dll
0x00007ffb27870000 - 0x00007ffb28450000 	C:\Program Files\Java\jdk-17\bin\server\jvm.dll
0x00007ffb58930000 - 0x00007ffb58938000 	C:\Windows\System32\PSAPI.DLL
0x00007ffb517c0000 - 0x00007ffb517c9000 	C:\Windows\SYSTEM32\WSOCK32.dll
0x00007ffb4a200000 - 0x00007ffb4a227000 	C:\Windows\SYSTEM32\WINMM.dll
0x00007ffb586c0000 - 0x00007ffb5872b000 	C:\Windows\System32\WS2_32.dll
0x00007ffb54850000 - 0x00007ffb54862000 	C:\Windows\SYSTEM32\kernel.appcore.dll
0x00007ffb47f80000 - 0x00007ffb47f8a000 	C:\Program Files\Java\jdk-17\bin\jimage.dll
0x00007ffb422f0000 - 0x00007ffb424d4000 	C:\Windows\SYSTEM32\DBGHELP.DLL
0x00007ffb42220000 - 0x00007ffb42254000 	C:\Windows\SYSTEM32\dbgcore.DLL
0x00007ffb57240000 - 0x00007ffb572c2000 	C:\Windows\System32\bcryptPrimitives.dll
0x00007ffb44760000 - 0x00007ffb44785000 	C:\Program Files\Java\jdk-17\bin\java.dll

dbghelp: loaded successfully - version: 4.0.5 - missing functions: none
symbol engine: initialized successfully - sym options: 0x614 - pdb path: .;C:\Program Files\Java\jdk-17\bin;C:\Windows\SYSTEM32;C:\Windows\WinSxS\amd64_microsoft.windows.common-controls_6595b64144ccf1df_6.0.19041.4355_none_60b8b9eb71f62e16;C:\Program Files\Java\jdk-17\bin\server

VM Arguments:
jvm_args: -Dfile.encoding=UTF-8 
java_command: travel.management.system.CheckPackage
java_class_path (initial): C:\Users\Raghav\OneDrive\Desktop\Travel-and-Toursim-Management-System\Travel Management System\lib\rs2xml.jar;C:\Users\Raghav\OneDrive\Desktop\Travel-and-Toursim-Management-System\Travel Management System\lib\mysql-connector-j-9.1.0.jar;C:\Users\Raghav\OneDrive\Desktop\Travel-and-Toursim-Management-System\Travel Management System\build\classes
Launcher Type: SUN_STANDARD

[Global flags]
     intx CICompilerCount                          = 3                                         {product} {ergonomic}
     uint ConcGCThreads                            = 1                                         {product} {ergonomic}
     uint G1ConcRefinementThreads                  = 4                                         {product} {ergonomic}
   size_t G1HeapRegionSize                         = 1048576                                   {product} {ergonomic}
    uintx GCDrainStackTargetSize                   = 64                                        {product} {ergonomic}
   size_t InitialHeapSize                          = 67108864                                  {product} {ergonomic}
   size_t MarkStackSize                            = 4194304                                   {product} {ergonomic}
   size_t MaxHeapSize                              = 1052770304                                {product} {ergonomic}
   size_t MinHeapDeltaBytes                        = 1048576                                   {product} {ergonomic}
   size_t MinHeapSize                              = 8388608                                   {product} {ergonomic}
    uintx NonNMethodCodeHeapSize                   = 5832780                                {pd product} {ergonomic}
    uintx NonProfiledCodeHeapSize                  = 122912730                              {pd product} {ergonomic}
    uintx ProfiledCodeHeapSize                     = 122912730                              {pd product} {ergonomic}
    uintx ReservedCodeCacheSize                    = 251658240                              {pd product} {ergonomic}
     bool SegmentedCodeCache                       = true                                      {product} {ergonomic}
   size_t SoftMaxHeapSize                          = 1052770304                             {manageable} {ergonomic}
     bool UseCompressedClassPointers               = true                           {product lp64_product} {ergonomic}
     bool UseCompressedOops                        = true                           {product lp64_product} {ergonomic}
     bool UseG1GC                                  = true                                      {product} {ergonomic}
     bool UseLargePagesIndividualAllocation        = false                                  {pd product} {ergonomic}

Logging:
Log output configuration:
 #0: stdout all=warning uptime,level,tags
 #1: stderr all=off uptime,level,tags

Environment Variables:
PATH=C:\Program Files\Common Files\Oracle\Java\javapath;C:\Program Files\Eclipse Adoptium\jdk-21.0.4.7-hotspot\bin;C:\Windows\system32;C:\Windows;C:\Windows\System32\Wbem;C:\Windows\System32\WindowsPowerShell\v1.0\;C:\Windows\System32\OpenSSH\;C:\Program Files\Git\cmd;C:\Program Files\MySQL\MySQL Shell 8.0\bin\;C:\Users\Raghav\AppData\Local\Microsoft\WindowsApps;C:\Users\Raghav\Downloads\apache-maven-3.9.9-bin\apache-maven-3.9.9\bin;C:\Users\Raghav\AppData\Local\Programs\Microsoft VS Code\bin;C:\Program Files\Git\bin;C:\Program Files\Git\cmd;C:\Users\Raghav\AppData\Local\GitHubDesktop\bin;D:\apache-maven-3.9.9\bin;C:\Program Files\JetBrains\IntelliJ IDEA 2024.2.4\bin;;C:\Users\Raghav\Downloads\jdk-23.0.1\bin;
USERNAME=Raghav
OS=Windows_NT
PROCESSOR_IDENTIFIER=Intel64 Family 6 Model 61 Stepping 4, GenuineIntel



---------------  S Y S T E M  ---------------

OS:
 Windows 10 , 64 bit Build 19041 (10.0.19041.5072)
OS uptime: 1 days 10:10 hours

CPU: total 4 (initial active 4) (2 cores per cpu, 2 threads per core) family 6 model 61 stepping 4 microcode 0x2d, cx8, cmov, fxsr, ht, mmx, 3dnowpref, sse, sse2, sse3, ssse3, sse4.1, sse4.2, popcnt, lzcnt, tsc, tscinvbit, avx, avx2, aes, erms, clmul, bmi1, bmi2, adx, fma, vzeroupper, clflush

Memory: 4k page, system-wide physical 4011M (299M free)
TotalPageFile size 16299M (AvailPageFile size 42M)
current process WorkingSet (physical memory assigned to process): 10M, peak: 10M
current process commit charge ("private bytes"): 51M, peak: 115M

vm_info: Java HotSpot(TM) 64-Bit Server VM (17.0.11+7-LTS-207) for windows-amd64 JRE (17.0.11+7-LTS-207), built on Mar 11 2024 19:01:50 by "mach5one" with MS VC++ 17.6 (VS2022)

END.
