#
# There is insufficient memory for the Java Runtime Environment to continue.
# Native memory allocation (mmap) failed to map 15728640 bytes for G1 virtual space
# Possible reasons:
#   The system is out of physical RAM or swap space
#   The process is running with CompressedOops enabled, and the Java Heap may be blocking the growth of the native heap
# Possible solutions:
#   Reduce memory load on the system
#   Increase physical memory or swap space
#   Check if swap backing store is full
#   Decrease Java heap size (-Xmx/-Xms)
#   Decrease number of Java threads
#   Decrease Java thread stack sizes (-Xss)
#   Set larger code cache with -XX:ReservedCodeCacheSize=
#   JVM is running with Unscaled Compressed Oops mode in which the Java heap is
#     placed in the first 4GB address space. The Java Heap base address is the
#     maximum limit for the native heap growth. Please use -XX:HeapBaseMinAddress
#     to set the Java Heap base and to place the Java Heap above 4GB virtual address.
# This output file may be truncated or incomplete.
#
#  Out of Memory Error (os_windows.cpp:3548), pid=11656, tid=5796
#
# JRE version: Java(TM) SE Runtime Environment (17.0.11+7) (build 17.0.11+7-LTS-207)
# Java VM: Java HotSpot(TM) 64-Bit Server VM (17.0.11+7-LTS-207, mixed mode, sharing, tiered, compressed oops, compressed class ptrs, g1 gc, windows-amd64)
# No core dump will be written. Minidumps are not enabled by default on client versions of Windows
#

---------------  S U M M A R Y ------------

Command Line: -Dfile.encoding=UTF-8 travel.management.system.Splash

Host: Intel(R) Core(TM) i3-5005U CPU @ 2.00GHz, 4 cores, 3G,  Windows 10 , 64 bit Build 19041 (10.0.19041.5072)
Time: Thu Nov 14 11:04:47 2024 India Standard Time elapsed time: 32.743008 seconds (0d 0h 0m 32s)

---------------  T H R E A D  ---------------

Current thread (0x0000025e92aef7b0):  VMThread "VM Thread" [stack: 0x000000f20d300000,0x000000f20d400000] [id=5796]

Stack: [0x000000f20d300000,0x000000f20d400000]
Native frames: (J=compiled Java code, j=interpreted, Vv=VM code, C=native code)
V  [jvm.dll+0x679cca]
V  [jvm.dll+0x7da13d]
V  [jvm.dll+0x7dba83]
V  [jvm.dll+0x7dc0f3]
V  [jvm.dll+0x2449af]
V  [jvm.dll+0x676ce9]
V  [jvm.dll+0x66b852]
V  [jvm.dll+0x3018d6]
V  [jvm.dll+0x308e76]
V  [jvm.dll+0x3596ee]
V  [jvm.dll+0x35991f]
V  [jvm.dll+0x2d89a8]
V  [jvm.dll+0x2dba16]
V  [jvm.dll+0x2e611b]
V  [jvm.dll+0x31a1a0]
V  [jvm.dll+0x7e09eb]
V  [jvm.dll+0x7e1724]
V  [jvm.dll+0x7e1c3d]
V  [jvm.dll+0x7e2014]
V  [jvm.dll+0x7e20e0]
V  [jvm.dll+0x78a85a]
V  [jvm.dll+0x678bb5]
C  [ucrtbase.dll+0x21bb2]
C  [KERNEL32.DLL+0x17374]
C  [ntdll.dll+0x4cc91]

VM_Operation (0x000000f20cfff3c0): G1Concurrent, mode: safepoint, requested by thread 0x0000025e92a7bfc0


---------------  P R O C E S S  ---------------

Threads class SMR info:
_java_thread_list=0x0000025ef4a22250, length=20, elements={
0x0000025e92af66e0, 0x0000025e92af7470, 0x0000025eadcb65e0, 0x0000025eadcb76c0,
0x0000025eadcb7f90, 0x0000025eadcb8860, 0x0000025eadcb9c70, 0x0000025eadcbefc0,
0x0000025eadcdced0, 0x0000025ef306ce50, 0x0000025ef30797b0, 0x0000025ef3299320,
0x0000025ef329ce20, 0x0000025ef329fdc0, 0x0000025ef42fda40, 0x0000025ef42fd020,
0x0000025ef437cab0, 0x0000025ef437fd50, 0x0000025ef437b670, 0x0000025ef437a230
}

Java Threads: ( => current thread )
  0x0000025e92af66e0 JavaThread "Reference Handler" daemon [_thread_blocked, id=16908, stack(0x000000f20d400000,0x000000f20d500000)]
  0x0000025e92af7470 JavaThread "Finalizer" daemon [_thread_blocked, id=17548, stack(0x000000f20d500000,0x000000f20d600000)]
  0x0000025eadcb65e0 JavaThread "Signal Dispatcher" daemon [_thread_blocked, id=10228, stack(0x000000f20d600000,0x000000f20d700000)]
  0x0000025eadcb76c0 JavaThread "Attach Listener" daemon [_thread_blocked, id=14860, stack(0x000000f20d700000,0x000000f20d800000)]
  0x0000025eadcb7f90 JavaThread "Service Thread" daemon [_thread_blocked, id=7940, stack(0x000000f20d800000,0x000000f20d900000)]
  0x0000025eadcb8860 JavaThread "Monitor Deflation Thread" daemon [_thread_blocked, id=10772, stack(0x000000f20d900000,0x000000f20da00000)]
  0x0000025eadcb9c70 JavaThread "C2 CompilerThread0" daemon [_thread_blocked, id=4896, stack(0x000000f20da00000,0x000000f20db00000)]
  0x0000025eadcbefc0 JavaThread "C1 CompilerThread0" daemon [_thread_blocked, id=17980, stack(0x000000f20db00000,0x000000f20dc00000)]
  0x0000025eadcdced0 JavaThread "Sweeper thread" daemon [_thread_blocked, id=9724, stack(0x000000f20dc00000,0x000000f20dd00000)]
  0x0000025ef306ce50 JavaThread "Notification Thread" daemon [_thread_blocked, id=16016, stack(0x000000f20dd00000,0x000000f20de00000)]
  0x0000025ef30797b0 JavaThread "Common-Cleaner" daemon [_thread_blocked, id=9784, stack(0x000000f20df00000,0x000000f20e000000)]
  0x0000025ef3299320 JavaThread "Java2D Disposer" daemon [_thread_blocked, id=13060, stack(0x000000f20e000000,0x000000f20e100000)]
  0x0000025ef329ce20 JavaThread "AWT-Shutdown" [_thread_blocked, id=1996, stack(0x000000f20e100000,0x000000f20e200000)]
  0x0000025ef329fdc0 JavaThread "AWT-Windows" daemon [_thread_blocked, id=7404, stack(0x000000f20e200000,0x000000f20e300000)]
  0x0000025ef42fda40 JavaThread "AWT-EventQueue-0" [_thread_blocked, id=1368, stack(0x000000f20e800000,0x000000f20e900000)]
  0x0000025ef42fd020 JavaThread "DestroyJavaVM" [_thread_blocked, id=17632, stack(0x000000f20cd00000,0x000000f20ce00000)]
  0x0000025ef437cab0 JavaThread "TimerQueue" daemon [_thread_blocked, id=7100, stack(0x000000f20e700000,0x000000f20e800000)]
  0x0000025ef437fd50 JavaThread "mysql-cj-abandoned-connection-cleanup" daemon [_thread_blocked, id=12936, stack(0x000000f20e300000,0x000000f20e400000)]
  0x0000025ef437b670 JavaThread "Image Fetcher 0" daemon [_thread_blocked, id=14012, stack(0x000000f20ed00000,0x000000f20ee00000)]
  0x0000025ef437a230 JavaThread "Image Fetcher 1" daemon [_thread_blocked, id=3932, stack(0x000000f20e900000,0x000000f20ea00000)]

Other Threads:
=>0x0000025e92aef7b0 VMThread "VM Thread" [stack: 0x000000f20d300000,0x000000f20d400000] [id=5796]
  0x0000025e92a83130 WatcherThread [stack: 0x000000f20de00000,0x000000f20df00000] [id=10920]
  0x0000025e92a733e0 GCTaskThread "GC Thread#0" [stack: 0x000000f20ce00000,0x000000f20cf00000] [id=15256]
  0x0000025ef3356070 GCTaskThread "GC Thread#1" [stack: 0x000000f20e400000,0x000000f20e500000] [id=14128]
  0x0000025ef3356330 GCTaskThread "GC Thread#2" [stack: 0x000000f20e500000,0x000000f20e600000] [id=6456]
  0x0000025ef33565f0 GCTaskThread "GC Thread#3" [stack: 0x000000f20e600000,0x000000f20e700000] [id=12316]
  0x0000025e92a7bfc0 ConcurrentGCThread "G1 Main Marker" [stack: 0x000000f20cf00000,0x000000f20d000000] [id=8736]
  0x0000025e92a7c8e0 ConcurrentGCThread "G1 Conc#0" [stack: 0x000000f20d000000,0x000000f20d100000] [id=16768]
  0x0000025e92acdaa0 ConcurrentGCThread "G1 Refine#0" [stack: 0x000000f20d100000,0x000000f20d200000] [id=16024]
  0x0000025e92ace3e0 ConcurrentGCThread "G1 Service" [stack: 0x000000f20d200000,0x000000f20d300000] [id=17752]

Threads with active compile tasks:

VM state: at safepoint (normal execution)

VM Mutex/Monitor currently owned by a thread:  ([mutex/lock_event])
[0x0000025e908cc8c0] Threads_lock - owner thread: 0x0000025e92aef7b0
[0x0000025e92a317a0] Heap_lock - owner thread: 0x0000025e92a7bfc0

Heap address: 0x00000000c1400000, size: 1004 MB, Compressed Oops mode: 32-bit

CDS archive(s) mapped at: [0x0000025eae000000-0x0000025eaebd0000-0x0000025eaebd0000), size 12386304, SharedBaseAddress: 0x0000025eae000000, ArchiveRelocationMode: 1.
Compressed class space mapped at: 0x0000025eaf000000-0x0000025eef000000, reserved size: 1073741824
Narrow klass base: 0x0000025eae000000, Narrow klass shift: 0, Narrow klass range: 0x100000000

GC Precious Log:
 CPUs: 4 total, 4 available
 Memory: 4011M
 Large Page Support: Disabled
 NUMA Support: Disabled
 Compressed Oops: Enabled (32-bit)
 Heap Region Size: 1M
 Heap Min Capacity: 8M
 Heap Initial Capacity: 64M
 Heap Max Capacity: 1004M
 Pre-touch: Disabled
 Parallel Workers: 4
 Concurrent Workers: 1
 Concurrent Refinement Workers: 4
 Periodic GC: Disabled

Heap:
 garbage-first heap   total 189440K, used 120145K [0x00000000c1400000, 0x0000000100000000)
  region size 1024K, 4 young (4096K), 1 survivors (1024K)
 Metaspace       used 18693K, committed 18944K, reserved 1114112K
  class space    used 2129K, committed 2240K, reserved 1048576K

Heap Regions: E=young(eden), S=young(survivor), O=old, HS=humongous(starts), HC=humongous(continues), CS=collection set, F=free, OA=open archive, CA=closed archive, TAMS=top-at-mark-start (previous, next)
|   0|0x00000000c1400000, 0x00000000c1500000, 0x00000000c1500000|100%|HS|  |TAMS 0x00000000c1500000, 0x00000000c1400000| Complete 
|   1|0x00000000c1500000, 0x00000000c1600000, 0x00000000c1600000|100%|HC|  |TAMS 0x00000000c1600000, 0x00000000c1500000| Complete 
|   2|0x00000000c1600000, 0x00000000c1700000, 0x00000000c1700000|100%|HC|  |TAMS 0x00000000c1700000, 0x00000000c1600000| Complete 
|   3|0x00000000c1700000, 0x00000000c1800000, 0x00000000c1800000|100%|HC|  |TAMS 0x00000000c1800000, 0x00000000c1700000| Complete 
|   4|0x00000000c1800000, 0x00000000c1900000, 0x00000000c1900000|100%|HC|  |TAMS 0x00000000c1900000, 0x00000000c1800000| Complete 
|   5|0x00000000c1900000, 0x00000000c1a00000, 0x00000000c1a00000|100%|HC|  |TAMS 0x00000000c1a00000, 0x00000000c1900000| Complete 
|   6|0x00000000c1a00000, 0x00000000c1b00000, 0x00000000c1b00000|100%|HC|  |TAMS 0x00000000c1b00000, 0x00000000c1a00000| Complete 
|   7|0x00000000c1b00000, 0x00000000c1c00000, 0x00000000c1c00000|100%|HC|  |TAMS 0x00000000c1c00000, 0x00000000c1b00000| Complete 
|   8|0x00000000c1c00000, 0x00000000c1d00000, 0x00000000c1d00000|100%|HC|  |TAMS 0x00000000c1d00000, 0x00000000c1c00000| Complete 
|   9|0x00000000c1d00000, 0x00000000c1e00000, 0x00000000c1e00000|100%| O|  |TAMS 0x00000000c1e00000, 0x00000000c1d00000| Untracked 
|  10|0x00000000c1e00000, 0x00000000c1f00000, 0x00000000c1f00000|100%|HS|  |TAMS 0x00000000c1f00000, 0x00000000c1e00000| Complete 
|  11|0x00000000c1f00000, 0x00000000c2000000, 0x00000000c2000000|100%|HC|  |TAMS 0x00000000c2000000, 0x00000000c1f00000| Complete 
|  12|0x00000000c2000000, 0x00000000c2100000, 0x00000000c2100000|100%|HC|  |TAMS 0x00000000c2100000, 0x00000000c2000000| Complete 
|  13|0x00000000c2100000, 0x00000000c2200000, 0x00000000c2200000|100%|HS|  |TAMS 0x00000000c2200000, 0x00000000c2100000| Complete 
|  14|0x00000000c2200000, 0x00000000c2300000, 0x00000000c2300000|100%|HC|  |TAMS 0x00000000c2300000, 0x00000000c2200000| Complete 
|  15|0x00000000c2300000, 0x00000000c2400000, 0x00000000c2400000|100%|HC|  |TAMS 0x00000000c2400000, 0x00000000c2300000| Complete 
|  16|0x00000000c2400000, 0x00000000c2500000, 0x00000000c2500000|100%| O|  |TAMS 0x00000000c2500000, 0x00000000c2400000| Untracked 
|  17|0x00000000c2500000, 0x00000000c2600000, 0x00000000c2600000|100%| O|  |TAMS 0x00000000c2600000, 0x00000000c2500000| Untracked 
|  18|0x00000000c2600000, 0x00000000c2700000, 0x00000000c2700000|100%| O|  |TAMS 0x00000000c2700000, 0x00000000c2600000| Untracked 
|  19|0x00000000c2700000, 0x00000000c2800000, 0x00000000c2800000|100%| O|  |TAMS 0x00000000c2800000, 0x00000000c2700000| Untracked 
|  20|0x00000000c2800000, 0x00000000c2900000, 0x00000000c2900000|100%|HS|  |TAMS 0x00000000c2900000, 0x00000000c2800000| Complete 
|  21|0x00000000c2900000, 0x00000000c2a00000, 0x00000000c2a00000|100%|HC|  |TAMS 0x00000000c2a00000, 0x00000000c2900000| Complete 
|  22|0x00000000c2a00000, 0x00000000c2b00000, 0x00000000c2b00000|100%|HC|  |TAMS 0x00000000c2b00000, 0x00000000c2a00000| Complete 
|  23|0x00000000c2b00000, 0x00000000c2c00000, 0x00000000c2c00000|100%|HC|  |TAMS 0x00000000c2c00000, 0x00000000c2b00000| Complete 
|  24|0x00000000c2c00000, 0x00000000c2d00000, 0x00000000c2d00000|100%|HC|  |TAMS 0x00000000c2d00000, 0x00000000c2c00000| Complete 
|  25|0x00000000c2d00000, 0x00000000c2e00000, 0x00000000c2e00000|100%|HC|  |TAMS 0x00000000c2e00000, 0x00000000c2d00000| Complete 
|  26|0x00000000c2e00000, 0x00000000c2f00000, 0x00000000c2f00000|100%|HC|  |TAMS 0x00000000c2f00000, 0x00000000c2e00000| Complete 
|  27|0x00000000c2f00000, 0x00000000c3000000, 0x00000000c3000000|100%|HC|  |TAMS 0x00000000c3000000, 0x00000000c2f00000| Complete 
|  28|0x00000000c3000000, 0x00000000c3100000, 0x00000000c3100000|100%|HC|  |TAMS 0x00000000c3100000, 0x00000000c3000000| Complete 
|  29|0x00000000c3100000, 0x00000000c3200000, 0x00000000c3200000|100%|HC|  |TAMS 0x00000000c3200000, 0x00000000c3100000| Complete 
|  30|0x00000000c3200000, 0x00000000c3300000, 0x00000000c3300000|100%|HC|  |TAMS 0x00000000c3300000, 0x00000000c3200000| Complete 
|  31|0x00000000c3300000, 0x00000000c3400000, 0x00000000c3400000|100%|HC|  |TAMS 0x00000000c3400000, 0x00000000c3300000| Complete 
|  32|0x00000000c3400000, 0x00000000c3500000, 0x00000000c3500000|100%|HC|  |TAMS 0x00000000c3500000, 0x00000000c3400000| Complete 
|  33|0x00000000c3500000, 0x00000000c3600000, 0x00000000c3600000|100%|HC|  |TAMS 0x00000000c3600000, 0x00000000c3500000| Complete 
|  34|0x00000000c3600000, 0x00000000c3700000, 0x00000000c3700000|100%|HC|  |TAMS 0x00000000c3700000, 0x00000000c3600000| Complete 
|  35|0x00000000c3700000, 0x00000000c3800000, 0x00000000c3800000|100%|HC|  |TAMS 0x00000000c3800000, 0x00000000c3700000| Complete 
|  36|0x00000000c3800000, 0x00000000c3900000, 0x00000000c3900000|100%|HC|  |TAMS 0x00000000c3900000, 0x00000000c3800000| Complete 
|  37|0x00000000c3900000, 0x00000000c3a00000, 0x00000000c3a00000|100%|HC|  |TAMS 0x00000000c3a00000, 0x00000000c3900000| Complete 
|  38|0x00000000c3a00000, 0x00000000c3b00000, 0x00000000c3b00000|100%|HC|  |TAMS 0x00000000c3b00000, 0x00000000c3a00000| Complete 
|  39|0x00000000c3b00000, 0x00000000c3c00000, 0x00000000c3c00000|100%|HC|  |TAMS 0x00000000c3c00000, 0x00000000c3b00000| Complete 
|  40|0x00000000c3c00000, 0x00000000c3d00000, 0x00000000c3d00000|100%| O|  |TAMS 0x00000000c3d00000, 0x00000000c3c00000| Untracked 
|  41|0x00000000c3d00000, 0x00000000c3d3a400, 0x00000000c3e00000| 22%| O|  |TAMS 0x00000000c3d29200, 0x00000000c3d00000| Updating 
|  42|0x00000000c3e00000, 0x00000000c3f00000, 0x00000000c3f00000|100%|HS|  |TAMS 0x00000000c3f00000, 0x00000000c3e00000| Complete 
|  43|0x00000000c3f00000, 0x00000000c4000000, 0x00000000c4000000|100%|HC|  |TAMS 0x00000000c4000000, 0x00000000c3f00000| Complete 
|  44|0x00000000c4000000, 0x00000000c4100000, 0x00000000c4100000|100%|HC|  |TAMS 0x00000000c4100000, 0x00000000c4000000| Complete 
|  45|0x00000000c4100000, 0x00000000c4200000, 0x00000000c4200000|100%|HC|  |TAMS 0x00000000c4200000, 0x00000000c4100000| Complete 
|  46|0x00000000c4200000, 0x00000000c4300000, 0x00000000c4300000|100%|HC|  |TAMS 0x00000000c4300000, 0x00000000c4200000| Complete 
|  47|0x00000000c4300000, 0x00000000c4400000, 0x00000000c4400000|100%|HC|  |TAMS 0x00000000c4400000, 0x00000000c4300000| Complete 
|  48|0x00000000c4400000, 0x00000000c4500000, 0x00000000c4500000|100%|HC|  |TAMS 0x00000000c4500000, 0x00000000c4400000| Complete 
|  49|0x00000000c4500000, 0x00000000c4600000, 0x00000000c4600000|100%|HC|  |TAMS 0x00000000c4600000, 0x00000000c4500000| Complete 
|  50|0x00000000c4600000, 0x00000000c4700000, 0x00000000c4700000|100%|HS|  |TAMS 0x00000000c4700000, 0x00000000c4600000| Complete 
|  51|0x00000000c4700000, 0x00000000c4800000, 0x00000000c4800000|100%|HC|  |TAMS 0x00000000c4800000, 0x00000000c4700000| Complete 
|  52|0x00000000c4800000, 0x00000000c4900000, 0x00000000c4900000|100%|HC|  |TAMS 0x00000000c4900000, 0x00000000c4800000| Complete 
|  53|0x00000000c4900000, 0x00000000c4a00000, 0x00000000c4a00000|100%|HC|  |TAMS 0x00000000c4a00000, 0x00000000c4900000| Complete 
|  54|0x00000000c4a00000, 0x00000000c4b00000, 0x00000000c4b00000|100%|HS|  |TAMS 0x00000000c4b00000, 0x00000000c4a00000| Complete 
|  55|0x00000000c4b00000, 0x00000000c4c00000, 0x00000000c4c00000|100%|HC|  |TAMS 0x00000000c4c00000, 0x00000000c4b00000| Complete 
|  56|0x00000000c4c00000, 0x00000000c4d00000, 0x00000000c4d00000|100%|HC|  |TAMS 0x00000000c4d00000, 0x00000000c4c00000| Complete 
|  57|0x00000000c4d00000, 0x00000000c4e00000, 0x00000000c4e00000|100%|HC|  |TAMS 0x00000000c4e00000, 0x00000000c4d00000| Complete 
|  58|0x00000000c4e00000, 0x00000000c4f00000, 0x00000000c4f00000|100%|HC|  |TAMS 0x00000000c4f00000, 0x00000000c4e00000| Complete 
|  59|0x00000000c4f00000, 0x00000000c5000000, 0x00000000c5000000|100%|HC|  |TAMS 0x00000000c5000000, 0x00000000c4f00000| Complete 
|  60|0x00000000c5000000, 0x00000000c5100000, 0x00000000c5100000|100%|HC|  |TAMS 0x00000000c5100000, 0x00000000c5000000| Complete 
|  61|0x00000000c5100000, 0x00000000c5200000, 0x00000000c5200000|100%|HC|  |TAMS 0x00000000c5200000, 0x00000000c5100000| Complete 
|  62|0x00000000c5200000, 0x00000000c5300000, 0x00000000c5300000|100%|HC|  |TAMS 0x00000000c5300000, 0x00000000c5200000| Complete 
|  63|0x00000000c5300000, 0x00000000c5400000, 0x00000000c5400000|100%|HC|  |TAMS 0x00000000c5400000, 0x00000000c5300000| Complete 
|  64|0x00000000c5400000, 0x00000000c5500000, 0x00000000c5500000|100%|HC|  |TAMS 0x00000000c5500000, 0x00000000c5400000| Complete 
|  65|0x00000000c5500000, 0x00000000c5600000, 0x00000000c5600000|100%|HS|  |TAMS 0x00000000c5600000, 0x00000000c5500000| Complete 
|  66|0x00000000c5600000, 0x00000000c5700000, 0x00000000c5700000|100%|HS|  |TAMS 0x00000000c5700000, 0x00000000c5600000| Complete 
|  67|0x00000000c5700000, 0x00000000c5800000, 0x00000000c5800000|100%|HS|  |TAMS 0x00000000c5800000, 0x00000000c5700000| Complete 
|  68|0x00000000c5800000, 0x00000000c5900000, 0x00000000c5900000|100%|HC|  |TAMS 0x00000000c5900000, 0x00000000c5800000| Complete 
|  69|0x00000000c5900000, 0x00000000c5a00000, 0x00000000c5a00000|100%|HC|  |TAMS 0x00000000c5a00000, 0x00000000c5900000| Complete 
|  70|0x00000000c5a00000, 0x00000000c5b00000, 0x00000000c5b00000|100%|HS|  |TAMS 0x00000000c5b00000, 0x00000000c5a00000| Complete 
|  71|0x00000000c5b00000, 0x00000000c5c00000, 0x00000000c5c00000|100%|HC|  |TAMS 0x00000000c5c00000, 0x00000000c5b00000| Complete 
|  72|0x00000000c5c00000, 0x00000000c5d00000, 0x00000000c5d00000|100%|HC|  |TAMS 0x00000000c5d00000, 0x00000000c5c00000| Complete 
|  73|0x00000000c5d00000, 0x00000000c5e00000, 0x00000000c5e00000|100%|HS|  |TAMS 0x00000000c5e00000, 0x00000000c5d00000| Complete 
|  74|0x00000000c5e00000, 0x00000000c5f00000, 0x00000000c5f00000|100%|HC|  |TAMS 0x00000000c5f00000, 0x00000000c5e00000| Complete 
|  75|0x00000000c5f00000, 0x00000000c6000000, 0x00000000c6000000|100%|HC|  |TAMS 0x00000000c6000000, 0x00000000c5f00000| Complete 
|  76|0x00000000c6000000, 0x00000000c6100000, 0x00000000c6100000|100%|HC|  |TAMS 0x00000000c6100000, 0x00000000c6000000| Complete 
|  77|0x00000000c6100000, 0x00000000c6200000, 0x00000000c6200000|100%|HC|  |TAMS 0x00000000c6200000, 0x00000000c6100000| Complete 
|  78|0x00000000c6200000, 0x00000000c6300000, 0x00000000c6300000|100%|HC|  |TAMS 0x00000000c6300000, 0x00000000c6200000| Complete 
|  79|0x00000000c6300000, 0x00000000c6400000, 0x00000000c6400000|100%|HC|  |TAMS 0x00000000c6400000, 0x00000000c6300000| Complete 
|  80|0x00000000c6400000, 0x00000000c6500000, 0x00000000c6500000|100%|HC|  |TAMS 0x00000000c6500000, 0x00000000c6400000| Complete 
|  81|0x00000000c6500000, 0x00000000c6600000, 0x00000000c6600000|100%|HC|  |TAMS 0x00000000c6600000, 0x00000000c6500000| Complete 
|  82|0x00000000c6600000, 0x00000000c6700000, 0x00000000c6700000|100%|HC|  |TAMS 0x00000000c6700000, 0x00000000c6600000| Complete 
|  83|0x00000000c6700000, 0x00000000c6800000, 0x00000000c6800000|100%|HC|  |TAMS 0x00000000c6800000, 0x00000000c6700000| Complete 
|  84|0x00000000c6800000, 0x00000000c6900000, 0x00000000c6900000|100%|HS|  |TAMS 0x00000000c6900000, 0x00000000c6800000| Complete 
|  85|0x00000000c6900000, 0x00000000c6a00000, 0x00000000c6a00000|100%|HC|  |TAMS 0x00000000c6a00000, 0x00000000c6900000| Complete 
|  86|0x00000000c6a00000, 0x00000000c6b00000, 0x00000000c6b00000|100%|HC|  |TAMS 0x00000000c6b00000, 0x00000000c6a00000| Complete 
|  87|0x00000000c6b00000, 0x00000000c6c00000, 0x00000000c6c00000|100%|HS|  |TAMS 0x00000000c6c00000, 0x00000000c6b00000| Complete 
|  88|0x00000000c6c00000, 0x00000000c6d00000, 0x00000000c6d00000|100%|HC|  |TAMS 0x00000000c6d00000, 0x00000000c6c00000| Complete 
|  89|0x00000000c6d00000, 0x00000000c6e00000, 0x00000000c6e00000|100%|HC|  |TAMS 0x00000000c6e00000, 0x00000000c6d00000| Complete 
|  90|0x00000000c6e00000, 0x00000000c6f00000, 0x00000000c6f00000|100%|HS|  |TAMS 0x00000000c6f00000, 0x00000000c6e00000| Complete 
|  91|0x00000000c6f00000, 0x00000000c7000000, 0x00000000c7000000|100%|HC|  |TAMS 0x00000000c7000000, 0x00000000c6f00000| Complete 
|  92|0x00000000c7000000, 0x00000000c7100000, 0x00000000c7100000|100%|HC|  |TAMS 0x00000000c7100000, 0x00000000c7000000| Complete 
|  93|0x00000000c7100000, 0x00000000c7200000, 0x00000000c7200000|100%|HS|  |TAMS 0x00000000c7200000, 0x00000000c7100000| Complete 
|  94|0x00000000c7200000, 0x00000000c7300000, 0x00000000c7300000|100%|HC|  |TAMS 0x00000000c7300000, 0x00000000c7200000| Complete 
|  95|0x00000000c7300000, 0x00000000c7400000, 0x00000000c7400000|100%|HS|  |TAMS 0x00000000c7400000, 0x00000000c7300000| Complete 
|  96|0x00000000c7400000, 0x00000000c7500000, 0x00000000c7500000|100%|HC|  |TAMS 0x00000000c7500000, 0x00000000c7400000| Complete 
|  97|0x00000000c7500000, 0x00000000c7600000, 0x00000000c7600000|100%|HC|  |TAMS 0x00000000c7600000, 0x00000000c7500000| Complete 
|  98|0x00000000c7600000, 0x00000000c7700000, 0x00000000c7700000|100%|HS|  |TAMS 0x00000000c7700000, 0x00000000c7600000| Complete 
|  99|0x00000000c7700000, 0x00000000c7800000, 0x00000000c7800000|100%|HC|  |TAMS 0x00000000c7800000, 0x00000000c7700000| Complete 
| 100|0x00000000c7800000, 0x00000000c7900000, 0x00000000c7900000|100%|HC|  |TAMS 0x00000000c7900000, 0x00000000c7800000| Complete 
| 101|0x00000000c7900000, 0x00000000c7a00000, 0x00000000c7a00000|100%|HC|  |TAMS 0x00000000c7a00000, 0x00000000c7900000| Complete 
| 102|0x00000000c7a00000, 0x00000000c7b00000, 0x00000000c7b00000|100%|HC|  |TAMS 0x00000000c7b00000, 0x00000000c7a00000| Complete 
| 103|0x00000000c7b00000, 0x00000000c7c00000, 0x00000000c7c00000|100%|HC|  |TAMS 0x00000000c7c00000, 0x00000000c7b00000| Complete 
| 104|0x00000000c7c00000, 0x00000000c7d00000, 0x00000000c7d00000|100%|HC|  |TAMS 0x00000000c7d00000, 0x00000000c7c00000| Complete 
| 105|0x00000000c7d00000, 0x00000000c7e00000, 0x00000000c7e00000|100%|HC|  |TAMS 0x00000000c7e00000, 0x00000000c7d00000| Complete 
| 106|0x00000000c7e00000, 0x00000000c7f00000, 0x00000000c7f00000|100%|HS|  |TAMS 0x00000000c7f00000, 0x00000000c7e00000| Complete 
| 107|0x00000000c7f00000, 0x00000000c8000000, 0x00000000c8000000|100%|HC|  |TAMS 0x00000000c8000000, 0x00000000c7f00000| Complete 
| 108|0x00000000c8000000, 0x00000000c8100000, 0x00000000c8100000|100%|HC|  |TAMS 0x00000000c8100000, 0x00000000c8000000| Complete 
| 109|0x00000000c8100000, 0x00000000c8200000, 0x00000000c8200000|100%|HS|  |TAMS 0x00000000c8100000, 0x00000000c8100000| Complete 
| 110|0x00000000c8200000, 0x00000000c8300000, 0x00000000c8300000|100%|HC|  |TAMS 0x00000000c8200000, 0x00000000c8200000| Complete 
| 111|0x00000000c8300000, 0x00000000c8400000, 0x00000000c8400000|100%|HC|  |TAMS 0x00000000c8300000, 0x00000000c8300000| Complete 
| 112|0x00000000c8400000, 0x00000000c8500000, 0x00000000c8500000|100%|HC|  |TAMS 0x00000000c8400000, 0x00000000c8400000| Complete 
| 113|0x00000000c8500000, 0x00000000c8600000, 0x00000000c8600000|100%|HC|  |TAMS 0x00000000c8500000, 0x00000000c8500000| Complete 
| 114|0x00000000c8600000, 0x00000000c8700000, 0x00000000c8700000|100%|HC|  |TAMS 0x00000000c8600000, 0x00000000c8600000| Complete 
| 115|0x00000000c8700000, 0x00000000c8800000, 0x00000000c8800000|100%|HC|  |TAMS 0x00000000c8700000, 0x00000000c8700000| Complete 
| 116|0x00000000c8800000, 0x00000000c8800000, 0x00000000c8900000|  0%| F|  |TAMS 0x00000000c8800000, 0x00000000c8800000| Untracked 
| 117|0x00000000c8900000, 0x00000000c8900000, 0x00000000c8a00000|  0%| F|  |TAMS 0x00000000c8900000, 0x00000000c8900000| Untracked 
| 118|0x00000000c8a00000, 0x00000000c8a00000, 0x00000000c8b00000|  0%| F|  |TAMS 0x00000000c8a00000, 0x00000000c8a00000| Untracked 
| 119|0x00000000c8b00000, 0x00000000c8b00000, 0x00000000c8c00000|  0%| F|  |TAMS 0x00000000c8b00000, 0x00000000c8b00000| Untracked 
| 120|0x00000000c8c00000, 0x00000000c8c00000, 0x00000000c8d00000|  0%| F|  |TAMS 0x00000000c8c00000, 0x00000000c8c00000| Untracked 
| 121|0x00000000c8d00000, 0x00000000c8d00000, 0x00000000c8e00000|  0%| F|  |TAMS 0x00000000c8d00000, 0x00000000c8d00000| Untracked 
| 122|0x00000000c8e00000, 0x00000000c8e00000, 0x00000000c8f00000|  0%| F|  |TAMS 0x00000000c8e00000, 0x00000000c8e00000| Untracked 
| 123|0x00000000c8f00000, 0x00000000c8f00000, 0x00000000c9000000|  0%| F|  |TAMS 0x00000000c8f00000, 0x00000000c8f00000| Untracked 
| 124|0x00000000c9000000, 0x00000000c9000000, 0x00000000c9100000|  0%| F|  |TAMS 0x00000000c9000000, 0x00000000c9000000| Untracked 
| 125|0x00000000c9100000, 0x00000000c9100000, 0x00000000c9200000|  0%| F|  |TAMS 0x00000000c9100000, 0x00000000c9100000| Untracked 
| 126|0x00000000c9200000, 0x00000000c9200000, 0x00000000c9300000|  0%| F|  |TAMS 0x00000000c9200000, 0x00000000c9200000| Untracked 
| 127|0x00000000c9300000, 0x00000000c9300000, 0x00000000c9400000|  0%| F|  |TAMS 0x00000000c9300000, 0x00000000c9300000| Untracked 
| 128|0x00000000c9400000, 0x00000000c9400000, 0x00000000c9500000|  0%| F|  |TAMS 0x00000000c9400000, 0x00000000c9400000| Untracked 
| 129|0x00000000c9500000, 0x00000000c9500000, 0x00000000c9600000|  0%| F|  |TAMS 0x00000000c9500000, 0x00000000c9500000| Untracked 
| 130|0x00000000c9600000, 0x00000000c9600000, 0x00000000c9700000|  0%| F|  |TAMS 0x00000000c9600000, 0x00000000c9600000| Untracked 
| 131|0x00000000c9700000, 0x00000000c9700000, 0x00000000c9800000|  0%| F|  |TAMS 0x00000000c9700000, 0x00000000c9700000| Untracked 
| 132|0x00000000c9800000, 0x00000000c9800000, 0x00000000c9900000|  0%| F|  |TAMS 0x00000000c9800000, 0x00000000c9800000| Untracked 
| 133|0x00000000c9900000, 0x00000000c9900000, 0x00000000c9a00000|  0%| F|  |TAMS 0x00000000c9900000, 0x00000000c9900000| Untracked 
| 134|0x00000000c9a00000, 0x00000000c9a00000, 0x00000000c9b00000|  0%| F|  |TAMS 0x00000000c9a00000, 0x00000000c9a00000| Untracked 
| 135|0x00000000c9b00000, 0x00000000c9b00000, 0x00000000c9c00000|  0%| F|  |TAMS 0x00000000c9b00000, 0x00000000c9b00000| Untracked 
| 136|0x00000000c9c00000, 0x00000000c9c00000, 0x00000000c9d00000|  0%| F|  |TAMS 0x00000000c9c00000, 0x00000000c9c00000| Untracked 
| 137|0x00000000c9d00000, 0x00000000c9d00000, 0x00000000c9e00000|  0%| F|  |TAMS 0x00000000c9d00000, 0x00000000c9d00000| Untracked 
| 138|0x00000000c9e00000, 0x00000000c9e00000, 0x00000000c9f00000|  0%| F|  |TAMS 0x00000000c9e00000, 0x00000000c9e00000| Untracked 
| 139|0x00000000c9f00000, 0x00000000c9f00000, 0x00000000ca000000|  0%| F|  |TAMS 0x00000000c9f00000, 0x00000000c9f00000| Untracked 
| 140|0x00000000ca000000, 0x00000000ca000000, 0x00000000ca100000|  0%| F|  |TAMS 0x00000000ca000000, 0x00000000ca000000| Untracked 
| 141|0x00000000ca100000, 0x00000000ca100000, 0x00000000ca200000|  0%| F|  |TAMS 0x00000000ca100000, 0x00000000ca100000| Untracked 
| 142|0x00000000ca200000, 0x00000000ca200000, 0x00000000ca300000|  0%| F|  |TAMS 0x00000000ca200000, 0x00000000ca200000| Untracked 
| 143|0x00000000ca300000, 0x00000000ca300000, 0x00000000ca400000|  0%| F|  |TAMS 0x00000000ca300000, 0x00000000ca300000| Untracked 
| 144|0x00000000ca400000, 0x00000000ca400000, 0x00000000ca500000|  0%| F|  |TAMS 0x00000000ca400000, 0x00000000ca400000| Untracked 
| 145|0x00000000ca500000, 0x00000000ca500000, 0x00000000ca600000|  0%| F|  |TAMS 0x00000000ca500000, 0x00000000ca500000| Untracked 
| 146|0x00000000ca600000, 0x00000000ca600000, 0x00000000ca700000|  0%| F|  |TAMS 0x00000000ca600000, 0x00000000ca600000| Untracked 
| 147|0x00000000ca700000, 0x00000000ca700000, 0x00000000ca800000|  0%| F|  |TAMS 0x00000000ca700000, 0x00000000ca700000| Untracked 
| 148|0x00000000ca800000, 0x00000000ca800000, 0x00000000ca900000|  0%| F|  |TAMS 0x00000000ca800000, 0x00000000ca800000| Untracked 
| 149|0x00000000ca900000, 0x00000000ca900000, 0x00000000caa00000|  0%| F|  |TAMS 0x00000000ca900000, 0x00000000ca900000| Untracked 
| 150|0x00000000caa00000, 0x00000000caa00000, 0x00000000cab00000|  0%| F|  |TAMS 0x00000000caa00000, 0x00000000caa00000| Untracked 
| 151|0x00000000cab00000, 0x00000000cab00000, 0x00000000cac00000|  0%| F|  |TAMS 0x00000000cab00000, 0x00000000cab00000| Untracked 
| 152|0x00000000cac00000, 0x00000000cac00000, 0x00000000cad00000|  0%| F|  |TAMS 0x00000000cac00000, 0x00000000cac00000| Untracked 
| 153|0x00000000cad00000, 0x00000000cad00000, 0x00000000cae00000|  0%| F|  |TAMS 0x00000000cad00000, 0x00000000cad00000| Untracked 
| 154|0x00000000cae00000, 0x00000000cae00000, 0x00000000caf00000|  0%| F|  |TAMS 0x00000000cae00000, 0x00000000cae00000| Untracked 
| 155|0x00000000caf00000, 0x00000000caf00000, 0x00000000cb000000|  0%| F|  |TAMS 0x00000000caf00000, 0x00000000caf00000| Untracked 
| 156|0x00000000cb000000, 0x00000000cb000000, 0x00000000cb100000|  0%| F|  |TAMS 0x00000000cb000000, 0x00000000cb000000| Untracked 
| 157|0x00000000cb100000, 0x00000000cb100000, 0x00000000cb200000|  0%| F|  |TAMS 0x00000000cb100000, 0x00000000cb100000| Untracked 
| 158|0x00000000cb200000, 0x00000000cb200000, 0x00000000cb300000|  0%| F|  |TAMS 0x00000000cb200000, 0x00000000cb200000| Untracked 
| 159|0x00000000cb300000, 0x00000000cb300000, 0x00000000cb400000|  0%| F|  |TAMS 0x00000000cb300000, 0x00000000cb300000| Untracked 
| 160|0x00000000cb400000, 0x00000000cb400000, 0x00000000cb500000|  0%| F|  |TAMS 0x00000000cb400000, 0x00000000cb400000| Untracked 
| 161|0x00000000cb500000, 0x00000000cb500000, 0x00000000cb600000|  0%| F|  |TAMS 0x00000000cb500000, 0x00000000cb500000| Untracked 
| 162|0x00000000cb600000, 0x00000000cb600000, 0x00000000cb700000|  0%| F|  |TAMS 0x00000000cb600000, 0x00000000cb600000| Untracked 
| 163|0x00000000cb700000, 0x00000000cb700000, 0x00000000cb800000|  0%| F|  |TAMS 0x00000000cb700000, 0x00000000cb700000| Untracked 
| 164|0x00000000cb800000, 0x00000000cb800000, 0x00000000cb900000|  0%| F|  |TAMS 0x00000000cb800000, 0x00000000cb800000| Untracked 
| 165|0x00000000cb900000, 0x00000000cb900000, 0x00000000cba00000|  0%| F|  |TAMS 0x00000000cb900000, 0x00000000cb900000| Untracked 
| 166|0x00000000cba00000, 0x00000000cba00000, 0x00000000cbb00000|  0%| F|  |TAMS 0x00000000cba00000, 0x00000000cba00000| Untracked 
| 167|0x00000000cbb00000, 0x00000000cbb00000, 0x00000000cbc00000|  0%| F|  |TAMS 0x00000000cbb00000, 0x00000000cbb00000| Untracked 
| 168|0x00000000cbc00000, 0x00000000cbc00000, 0x00000000cbd00000|  0%| F|  |TAMS 0x00000000cbc00000, 0x00000000cbc00000| Untracked 
| 169|0x00000000cbd00000, 0x00000000cbd00000, 0x00000000cbe00000|  0%| F|  |TAMS 0x00000000cbd00000, 0x00000000cbd00000| Untracked 
| 170|0x00000000cbe00000, 0x00000000cbe00000, 0x00000000cbf00000|  0%| F|  |TAMS 0x00000000cbe00000, 0x00000000cbe00000| Untracked 
| 171|0x00000000cbf00000, 0x00000000cbf00000, 0x00000000cc000000|  0%| F|  |TAMS 0x00000000cbf00000, 0x00000000cbf00000| Untracked 
| 172|0x00000000cc000000, 0x00000000cc000000, 0x00000000cc100000|  0%| F|  |TAMS 0x00000000cc000000, 0x00000000cc000000| Untracked 
| 173|0x00000000cc100000, 0x00000000cc100000, 0x00000000cc200000|  0%| F|  |TAMS 0x00000000cc100000, 0x00000000cc100000| Untracked 
| 174|0x00000000cc200000, 0x00000000cc200000, 0x00000000cc300000|  0%| F|  |TAMS 0x00000000cc200000, 0x00000000cc200000| Untracked 
| 175|0x00000000cc300000, 0x00000000cc300000, 0x00000000cc400000|  0%| F|  |TAMS 0x00000000cc300000, 0x00000000cc300000| Untracked 
| 176|0x00000000cc400000, 0x00000000cc400000, 0x00000000cc500000|  0%| F|  |TAMS 0x00000000cc400000, 0x00000000cc400000| Untracked 
| 177|0x00000000cc500000, 0x00000000cc500000, 0x00000000cc600000|  0%| F|  |TAMS 0x00000000cc500000, 0x00000000cc500000| Untracked 
| 178|0x00000000cc600000, 0x00000000cc600000, 0x00000000cc700000|  0%| F|  |TAMS 0x00000000cc600000, 0x00000000cc600000| Untracked 
| 179|0x00000000cc700000, 0x00000000cc700000, 0x00000000cc800000|  0%| F|  |TAMS 0x00000000cc700000, 0x00000000cc700000| Untracked 
| 180|0x00000000cc800000, 0x00000000cc800000, 0x00000000cc900000|  0%| F|  |TAMS 0x00000000cc800000, 0x00000000cc800000| Untracked 
| 181|0x00000000cc900000, 0x00000000cc91a118, 0x00000000cca00000| 10%| S|CS|TAMS 0x00000000cc900000, 0x00000000cc900000| Complete 
| 182|0x00000000cca00000, 0x00000000cca8c5f0, 0x00000000ccb00000| 54%| E|  |TAMS 0x00000000cca00000, 0x00000000cca00000| Complete 
| 183|0x00000000ccb00000, 0x00000000ccc00000, 0x00000000ccc00000|100%| E|CS|TAMS 0x00000000ccb00000, 0x00000000ccb00000| Complete 
| 184|0x00000000ccc00000, 0x00000000ccd00000, 0x00000000ccd00000|100%| E|CS|TAMS 0x00000000ccc00000, 0x00000000ccc00000| Complete 

Card table byte_map: [0x0000025ea94f0000,0x0000025ea96f0000] _byte_map_base: 0x0000025ea8ee6000

Marking Bits (Prev, Next): (CMBitMap*) 0x0000025e92a73950, (CMBitMap*) 0x0000025e92a73910
 Prev Bits: [0x0000025eaa8a0000, 0x0000025eab850000)
 Next Bits: [0x0000025ea98f0000, 0x0000025eaa8a0000)

Polling page: 0x0000025e909b0000

Metaspace:

Usage:
  Non-class:     16.18 MB used.
      Class:      2.08 MB used.
       Both:     18.26 MB used.

Virtual space:
  Non-class space:       64.00 MB reserved,      16.31 MB ( 25%) committed,  1 nodes.
      Class space:        1.00 GB reserved,       2.19 MB ( <1%) committed,  1 nodes.
             Both:        1.06 GB reserved,      18.50 MB (  2%) committed. 

Chunk freelists:
   Non-Class:  15.00 MB
       Class:  13.72 MB
        Both:  28.72 MB

MaxMetaspaceSize: unlimited
CompressedClassSpaceSize: 1.00 GB
Initial GC threshold: 21.00 MB
Current GC threshold: 30.62 MB
CDS: on
MetaspaceReclaimPolicy: balanced
 - commit_granule_bytes: 65536.
 - commit_granule_words: 8192.
 - virtual_space_node_default_size: 8388608.
 - enlarge_chunks_in_place: 1.
 - new_chunks_are_fully_committed: 0.
 - uncommit_free_chunks: 1.
 - use_allocation_guard: 0.
 - handle_deallocations: 1.


Internal statistics:

num_allocs_failed_limit: 0.
num_arena_births: 164.
num_arena_deaths: 0.
num_vsnodes_births: 2.
num_vsnodes_deaths: 0.
num_space_committed: 296.
num_space_uncommitted: 0.
num_chunks_returned_to_freelist: 0.
num_chunks_taken_from_freelist: 407.
num_chunk_merges: 0.
num_chunk_splits: 234.
num_chunks_enlarged: 122.
num_inconsistent_stats: 0.

CodeHeap 'non-profiled nmethods': size=120000Kb used=759Kb max_used=759Kb free=119240Kb
 bounds [0x0000025ea1dc0000, 0x0000025ea2030000, 0x0000025ea92f0000]
CodeHeap 'profiled nmethods': size=120000Kb used=4422Kb max_used=4422Kb free=115577Kb
 bounds [0x0000025e9a2f0000, 0x0000025e9a750000, 0x0000025ea1820000]
CodeHeap 'non-nmethods': size=5760Kb used=1371Kb max_used=1411Kb free=4388Kb
 bounds [0x0000025ea1820000, 0x0000025ea1a90000, 0x0000025ea1dc0000]
 total_blobs=3042 nmethods=2327 adapters=627
 compilation: enabled
              stopped_count=0, restarted_count=0
 full_count=0

Compilation events (20 events):
Event: 32.382 Thread 0x0000025eadcbefc0 2319       3       java.lang.StringUTF16::putCharSB (12 bytes)
Event: 32.382 Thread 0x0000025eadcbefc0 nmethod 2319 0x0000025e9a73f790 code [0x0000025e9a73f940, 0x0000025e9a73fb48]
Event: 32.390 Thread 0x0000025eadcb9c70 2320  s    4       java.io.BufferedInputStream::available (35 bytes)
Event: 32.392 Thread 0x0000025eadcb9c70 nmethod 2320 0x0000025ea1e7c610 code [0x0000025ea1e7c7a0, 0x0000025ea1e7cac8]
Event: 32.500 Thread 0x0000025eadcbefc0 2321       3       jdk.internal.reflect.UTF8::utf8Length (81 bytes)
Event: 32.501 Thread 0x0000025eadcbefc0 nmethod 2321 0x0000025e9a73fc90 code [0x0000025e9a73fec0, 0x0000025e9a740778]
Event: 32.501 Thread 0x0000025eadcbefc0 2322       3       jdk.internal.reflect.ClassFileAssembler::emitConstantPoolUTF8 (50 bytes)
Event: 32.502 Thread 0x0000025eadcbefc0 nmethod 2322 0x0000025e9a740b10 code [0x0000025e9a740d40, 0x0000025e9a7413a8]
Event: 32.502 Thread 0x0000025eadcbefc0 2323       3       jdk.internal.reflect.ByteVectorImpl::getLength (7 bytes)
Event: 32.502 Thread 0x0000025eadcbefc0 nmethod 2323 0x0000025e9a741790 code [0x0000025e9a741920, 0x0000025e9a741a38]
Event: 32.541 Thread 0x0000025eadcb9c70 2324       4       java.util.Calendar::internalSet (8 bytes)
Event: 32.542 Thread 0x0000025eadcb9c70 nmethod 2324 0x0000025ea1e7cc10 code [0x0000025ea1e7cd80, 0x0000025ea1e7ce38]
Event: 32.585 Thread 0x0000025eadcb9c70 2325       4       java.io.BufferedInputStream::getBufIfOpen (21 bytes)
Event: 32.588 Thread 0x0000025eadcb9c70 nmethod 2325 0x0000025ea1e7cf10 code [0x0000025ea1e7d080, 0x0000025ea1e7d118]
Event: 32.707 Thread 0x0000025eadcb9c70 2326       4       java.lang.StringLatin1::inflate (34 bytes)
Event: 32.709 Thread 0x0000025eadcbefc0 2327       1       java.util.Calendar::getZone (5 bytes)
Event: 32.710 Thread 0x0000025eadcbefc0 nmethod 2327 0x0000025ea1e7d210 code [0x0000025ea1e7d3a0, 0x0000025ea1e7d478]
Event: 32.717 Thread 0x0000025eadcb9c70 nmethod 2326 0x0000025ea1e7d510 code [0x0000025ea1e7d680, 0x0000025ea1e7d978]
Event: 32.717 Thread 0x0000025eadcb9c70 2328       4       java.lang.AbstractStringBuilder::getCoder (15 bytes)
Event: 32.718 Thread 0x0000025eadcb9c70 nmethod 2328 0x0000025ea1e7da90 code [0x0000025ea1e7dc00, 0x0000025ea1e7dc78]

GC Heap History (20 events):
Event: 31.471 GC heap before
{Heap before GC invocations=18 (full 0):
 garbage-first heap   total 124928K, used 73005K [0x00000000c1400000, 0x0000000100000000)
  region size 1024K, 4 young (4096K), 1 survivors (1024K)
 Metaspace       used 18688K, committed 18880K, reserved 1114112K
  class space    used 2128K, committed 2240K, reserved 1048576K
}
Event: 31.472 GC heap after
{Heap after GC invocations=19 (full 0):
 garbage-first heap   total 124928K, used 70969K [0x00000000c1400000, 0x0000000100000000)
  region size 1024K, 1 young (1024K), 1 survivors (1024K)
 Metaspace       used 18688K, committed 18880K, reserved 1114112K
  class space    used 2128K, committed 2240K, reserved 1048576K
}
Event: 31.548 GC heap before
{Heap before GC invocations=20 (full 0):
 garbage-first heap   total 132096K, used 77113K [0x00000000c1400000, 0x0000000100000000)
  region size 1024K, 5 young (5120K), 1 survivors (1024K)
 Metaspace       used 18688K, committed 18880K, reserved 1114112K
  class space    used 2128K, committed 2240K, reserved 1048576K
}
Event: 31.549 GC heap after
{Heap after GC invocations=21 (full 0):
 garbage-first heap   total 132096K, used 74039K [0x00000000c1400000, 0x0000000100000000)
  region size 1024K, 1 young (1024K), 1 survivors (1024K)
 Metaspace       used 18688K, committed 18880K, reserved 1114112K
  class space    used 2128K, committed 2240K, reserved 1048576K
}
Event: 31.925 GC heap before
{Heap before GC invocations=22 (full 0):
 garbage-first heap   total 147456K, used 98615K [0x00000000c1400000, 0x0000000100000000)
  region size 1024K, 16 young (16384K), 1 survivors (1024K)
 Metaspace       used 18688K, committed 18880K, reserved 1114112K
  class space    used 2128K, committed 2240K, reserved 1048576K
}
Event: 31.927 GC heap after
{Heap after GC invocations=23 (full 0):
 garbage-first heap   total 147456K, used 85311K [0x00000000c1400000, 0x0000000100000000)
  region size 1024K, 1 young (1024K), 1 survivors (1024K)
 Metaspace       used 18688K, committed 18880K, reserved 1114112K
  class space    used 2128K, committed 2240K, reserved 1048576K
}
Event: 32.274 GC heap before
{Heap before GC invocations=24 (full 0):
 garbage-first heap   total 147456K, used 91455K [0x00000000c1400000, 0x0000000100000000)
  region size 1024K, 5 young (5120K), 1 survivors (1024K)
 Metaspace       used 18688K, committed 18880K, reserved 1114112K
  class space    used 2128K, committed 2240K, reserved 1048576K
}
Event: 32.275 GC heap after
{Heap after GC invocations=25 (full 0):
 garbage-first heap   total 147456K, used 88379K [0x00000000c1400000, 0x0000000100000000)
  region size 1024K, 1 young (1024K), 1 survivors (1024K)
 Metaspace       used 18688K, committed 18880K, reserved 1114112K
  class space    used 2128K, committed 2240K, reserved 1048576K
}
Event: 32.394 GC heap before
{Heap before GC invocations=26 (full 0):
 garbage-first heap   total 157696K, used 95547K [0x00000000c1400000, 0x0000000100000000)
  region size 1024K, 6 young (6144K), 1 survivors (1024K)
 Metaspace       used 18688K, committed 18880K, reserved 1114112K
  class space    used 2128K, committed 2240K, reserved 1048576K
}
Event: 32.396 GC heap after
{Heap after GC invocations=27 (full 0):
 garbage-first heap   total 157696K, used 91467K [0x00000000c1400000, 0x0000000100000000)
  region size 1024K, 1 young (1024K), 1 survivors (1024K)
 Metaspace       used 18688K, committed 18880K, reserved 1114112K
  class space    used 2128K, committed 2240K, reserved 1048576K
}
Event: 32.508 GC heap before
{Heap before GC invocations=28 (full 0):
 garbage-first heap   total 162816K, used 99659K [0x00000000c1400000, 0x0000000100000000)
  region size 1024K, 7 young (7168K), 1 survivors (1024K)
 Metaspace       used 18693K, committed 18944K, reserved 1114112K
  class space    used 2129K, committed 2240K, reserved 1048576K
}
Event: 32.509 GC heap after
{Heap after GC invocations=29 (full 0):
 garbage-first heap   total 162816K, used 94527K [0x00000000c1400000, 0x0000000100000000)
  region size 1024K, 1 young (1024K), 1 survivors (1024K)
 Metaspace       used 18693K, committed 18944K, reserved 1114112K
  class space    used 2129K, committed 2240K, reserved 1048576K
}
Event: 32.545 GC heap before
{Heap before GC invocations=30 (full 0):
 garbage-first heap   total 165888K, used 98623K [0x00000000c1400000, 0x0000000100000000)
  region size 1024K, 4 young (4096K), 1 survivors (1024K)
 Metaspace       used 18693K, committed 18944K, reserved 1114112K
  class space    used 2129K, committed 2240K, reserved 1048576K
}
Event: 32.547 GC heap after
{Heap after GC invocations=31 (full 0):
 garbage-first heap   total 165888K, used 96584K [0x00000000c1400000, 0x0000000100000000)
  region size 1024K, 1 young (1024K), 1 survivors (1024K)
 Metaspace       used 18693K, committed 18944K, reserved 1114112K
  class space    used 2129K, committed 2240K, reserved 1048576K
}
Event: 32.586 GC heap before
{Heap before GC invocations=32 (full 0):
 garbage-first heap   total 171008K, used 102728K [0x00000000c1400000, 0x0000000100000000)
  region size 1024K, 5 young (5120K), 1 survivors (1024K)
 Metaspace       used 18693K, committed 18944K, reserved 1114112K
  class space    used 2129K, committed 2240K, reserved 1048576K
}
Event: 32.587 GC heap after
{Heap after GC invocations=33 (full 0):
 garbage-first heap   total 171008K, used 99659K [0x00000000c1400000, 0x0000000100000000)
  region size 1024K, 1 young (1024K), 1 survivors (1024K)
 Metaspace       used 18693K, committed 18944K, reserved 1114112K
  class space    used 2129K, committed 2240K, reserved 1048576K
}
Event: 32.647 GC heap before
{Heap before GC invocations=34 (full 0):
 garbage-first heap   total 188416K, used 116043K [0x00000000c1400000, 0x0000000100000000)
  region size 1024K, 10 young (10240K), 1 survivors (1024K)
 Metaspace       used 18693K, committed 18944K, reserved 1114112K
  class space    used 2129K, committed 2240K, reserved 1048576K
}
Event: 32.649 GC heap after
{Heap after GC invocations=35 (full 0):
 garbage-first heap   total 188416K, used 107854K [0x00000000c1400000, 0x0000000100000000)
  region size 1024K, 1 young (1024K), 1 survivors (1024K)
 Metaspace       used 18693K, committed 18944K, reserved 1114112K
  class space    used 2129K, committed 2240K, reserved 1048576K
}
Event: 32.711 GC heap before
{Heap before GC invocations=36 (full 0):
 garbage-first heap   total 189440K, used 112974K [0x00000000c1400000, 0x0000000100000000)
  region size 1024K, 4 young (4096K), 1 survivors (1024K)
 Metaspace       used 18693K, committed 18944K, reserved 1114112K
  class space    used 2129K, committed 2240K, reserved 1048576K
}
Event: 32.713 GC heap after
{Heap after GC invocations=37 (full 0):
 garbage-first heap   total 189440K, used 110929K [0x00000000c1400000, 0x0000000100000000)
  region size 1024K, 1 young (1024K), 1 survivors (1024K)
 Metaspace       used 18693K, committed 18944K, reserved 1114112K
  class space    used 2129K, committed 2240K, reserved 1048576K
}

Deoptimization events (20 events):
Event: 31.393 Thread 0x0000025ef437b670 DEOPT PACKING pc=0x0000025e9a73c6c1 sp=0x000000f20edff190
Event: 31.393 Thread 0x0000025ef437b670 DEOPT UNPACKING pc=0x0000025ea1872b43 sp=0x000000f20edfe620 mode 0
Event: 31.393 Thread 0x0000025ef437b670 DEOPT PACKING pc=0x0000025e9a73c6c1 sp=0x000000f20edff190
Event: 31.394 Thread 0x0000025ef437b670 DEOPT UNPACKING pc=0x0000025ea1872b43 sp=0x000000f20edfe620 mode 0
Event: 31.394 Thread 0x0000025ef437b670 DEOPT PACKING pc=0x0000025e9a73c6c1 sp=0x000000f20edff190
Event: 31.394 Thread 0x0000025ef437b670 DEOPT UNPACKING pc=0x0000025ea1872b43 sp=0x000000f20edfe620 mode 0
Event: 31.394 Thread 0x0000025ef437b670 DEOPT PACKING pc=0x0000025e9a73c6c1 sp=0x000000f20edff190
Event: 31.394 Thread 0x0000025ef437b670 DEOPT UNPACKING pc=0x0000025ea1872b43 sp=0x000000f20edfe620 mode 0
Event: 31.395 Thread 0x0000025ef437b670 DEOPT PACKING pc=0x0000025e9a73c6c1 sp=0x000000f20edff190
Event: 31.395 Thread 0x0000025ef437b670 DEOPT UNPACKING pc=0x0000025ea1872b43 sp=0x000000f20edfe620 mode 0
Event: 31.395 Thread 0x0000025ef437b670 DEOPT PACKING pc=0x0000025e9a73c6c1 sp=0x000000f20edff190
Event: 31.396 Thread 0x0000025ef437b670 DEOPT UNPACKING pc=0x0000025ea1872b43 sp=0x000000f20edfe620 mode 0
Event: 31.396 Thread 0x0000025ef437b670 DEOPT PACKING pc=0x0000025e9a73c6c1 sp=0x000000f20edff190
Event: 31.396 Thread 0x0000025ef437b670 DEOPT UNPACKING pc=0x0000025ea1872b43 sp=0x000000f20edfe620 mode 0
Event: 31.396 Thread 0x0000025ef437b670 DEOPT PACKING pc=0x0000025e9a73c6c1 sp=0x000000f20edff190
Event: 31.396 Thread 0x0000025ef437b670 DEOPT UNPACKING pc=0x0000025ea1872b43 sp=0x000000f20edfe620 mode 0
Event: 31.397 Thread 0x0000025ef437b670 DEOPT PACKING pc=0x0000025e9a73c6c1 sp=0x000000f20edff190
Event: 31.397 Thread 0x0000025ef437b670 DEOPT UNPACKING pc=0x0000025ea1872b43 sp=0x000000f20edfe620 mode 0
Event: 32.707 Thread 0x0000025ef42fda40 DEOPT PACKING pc=0x0000025e9a40d7be sp=0x000000f20e8fdc70
Event: 32.707 Thread 0x0000025ef42fda40 DEOPT UNPACKING pc=0x0000025ea1872b43 sp=0x000000f20e8fd0e8 mode 0

Classes unloaded (0 events):
No events

Classes redefined (0 events):
No events

Internal exceptions (20 events):
Event: 2.166 Thread 0x0000025e92a35630 Exception <a 'java/lang/ClassNotFoundException'{0x00000000c50dd0d0}: com/sun/swing/internal/plaf/metal/resources/spi/metalProvider> (0x00000000c50dd0d0) 
thrown [s\open\src\hotspot\share\classfile\systemDictionary.cpp, line 256]
Event: 2.167 Thread 0x0000025e92a35630 Exception <a 'java/lang/ClassNotFoundException'{0x00000000c50e0f58}: com/sun/swing/internal/plaf/basic/resources/spi/basicProvider> (0x00000000c50e0f58) 
thrown [s\open\src\hotspot\share\classfile\systemDictionary.cpp, line 256]
Event: 2.285 Thread 0x0000025ef3324000 Exception <a 'java/lang/NoSuchMethodError'{0x00000000c4e7f5f8}: 'java.lang.Object java.lang.invoke.DirectMethodHandle$Holder.newInvokeSpecial(java.lang.Object, java.lang.Object, java.lang.Object, int, int, int, int, int)'> (0x00000000c4e7f5f8) 
thrown [s\open\src\hotspot\share\interpreter\linkResolver.cpp, line 759]
Event: 2.490 Thread 0x0000025e92a35630 Exception <a 'java/lang/NoSuchMethodError'{0x00000000c52cb1e0}: 'void java.lang.invoke.DirectMethodHandle$Holder.invokeStaticInit(java.lang.Object)'> (0x00000000c52cb1e0) 
thrown [s\open\src\hotspot\share\interpreter\linkResolver.cpp, line 759]
Event: 2.618 Thread 0x0000025ef329fdc0 Exception <a 'java/lang/NoSuchMethodError'{0x00000000c4faf0d0}: 'void java.lang.invoke.DirectMethodHandle$Holder.invokeVirtual(java.lang.Object, java.lang.Object)'> (0x00000000c4faf0d0) 
thrown [s\open\src\hotspot\share\interpreter\linkResolver.cpp, line 759]
Event: 9.636 Thread 0x0000025ef42fc0f0 Implicit null exception at 0x0000025ea1deb18d to 0x0000025ea1deb7b8
Event: 18.015 Thread 0x0000025ef42fda40 Exception <a 'java/lang/NoSuchMethodError'{0x00000000c4b5e2a8}: 'java.lang.Object java.lang.invoke.DirectMethodHandle$Holder.invokeInterface(java.lang.Object, java.lang.Object)'> (0x00000000c4b5e2a8) 
thrown [s\open\src\hotspot\share\interpreter\linkResolver.cpp, line 759]
Event: 18.068 Thread 0x0000025ef42fda40 Exception <a 'java/lang/NoSuchMethodError'{0x00000000c4bee6b0}: 'void java.lang.invoke.DirectMethodHandle$Holder.invokeStatic(java.lang.Object, java.lang.Object, java.lang.Object)'> (0x00000000c4bee6b0) 
thrown [s\open\src\hotspot\share\interpreter\linkResolver.cpp, line 759]
Event: 18.070 Thread 0x0000025ef42fda40 Exception <a 'java/lang/NoSuchMethodError'{0x00000000c4bf8be8}: 'java.lang.Object java.lang.invoke.DirectMethodHandle$Holder.invokeVirtual(java.lang.Object, java.lang.Object, java.lang.Object)'> (0x00000000c4bf8be8) 
thrown [s\open\src\hotspot\share\interpreter\linkResolver.cpp, line 759]
Event: 18.270 Thread 0x0000025ef42fda40 Exception <a 'java/lang/NoSuchMethodError'{0x00000000c47588a0}: 'void java.lang.invoke.DirectMethodHandle$Holder.invokeStatic(java.lang.Object, java.lang.Object)'> (0x00000000c47588a0) 
thrown [s\open\src\hotspot\share\interpreter\linkResolver.cpp, line 759]
Event: 18.439 Thread 0x0000025ef42fda40 Exception <a 'java/lang/NoSuchMethodError'{0x00000000c43f3da0}: 'void java.lang.invoke.DirectMethodHandle$Holder.invokeStaticInit(java.lang.Object, java.lang.Object)'> (0x00000000c43f3da0) 
thrown [s\open\src\hotspot\share\interpreter\linkResolver.cpp, line 759]
Event: 18.565 Thread 0x0000025ef42fda40 Exception <a 'sun/nio/fs/WindowsException'{0x00000000c53a44b8}> (0x00000000c53a44b8) 
thrown [s\open\src\hotspot\share\prims\jni.cpp, line 516]
Event: 18.595 Thread 0x0000025ef42fda40 Exception <a 'java/lang/NoSuchMethodError'{0x00000000c53f6ac0}: 'int java.lang.invoke.DirectMethodHandle$Holder.invokeStaticInit(java.lang.Object, java.lang.Object, java.lang.Object, java.lang.Object)'> (0x00000000c53f6ac0) 
thrown [s\open\src\hotspot\share\interpreter\linkResolver.cpp, line 759]
Event: 18.597 Thread 0x0000025ef42fda40 Exception <a 'java/lang/IncompatibleClassChangeError'{0x00000000c5200200}: Found class java.lang.Object, but interface was expected> (0x00000000c5200200) 
thrown [s\open\src\hotspot\share\interpreter\linkResolver.cpp, line 826]
Event: 18.598 Thread 0x0000025ef42fda40 Exception <a 'java/lang/NoSuchMethodError'{0x00000000c5205f50}: 'int java.lang.invoke.DirectMethodHandle$Holder.invokeStaticInit(java.lang.Object, java.lang.Object)'> (0x00000000c5205f50) 
thrown [s\open\src\hotspot\share\interpreter\linkResolver.cpp, line 759]
Event: 18.674 Thread 0x0000025ef42fda40 Exception <a 'java/lang/NoSuchMethodError'{0x00000000c52c7dd8}: 'java.lang.Object java.lang.invoke.DirectMethodHandle$Holder.invokeStaticInit(java.lang.Object, int, int, int, int)'> (0x00000000c52c7dd8) 
thrown [s\open\src\hotspot\share\interpreter\linkResolver.cpp, line 759]
Event: 18.782 Thread 0x0000025ef42fda40 Exception <a 'java/lang/NoSuchMethodError'{0x00000000c511ff70}: 'java.lang.Object java.lang.invoke.DirectMethodHandle$Holder.invokeStaticInit(java.lang.Object, java.lang.Object, int, int, int, int)'> (0x00000000c511ff70) 
thrown [s\open\src\hotspot\share\interpreter\linkResolver.cpp, line 759]
Event: 18.883 Thread 0x0000025ef42fda40 Exception <a 'java/lang/NoSuchMethodError'{0x00000000c519d440}: 'int java.lang.invoke.DirectMethodHandle$Holder.invokeSpecial(java.lang.Object, java.lang.Object, java.lang.Object)'> (0x00000000c519d440) 
thrown [s\open\src\hotspot\share\interpreter\linkResolver.cpp, line 759]
Event: 19.201 Thread 0x0000025ef42fda40 Exception <a 'java/lang/NoSuchMethodError'{0x00000000c50f23e8}: 'void java.lang.invoke.DirectMethodHandle$Holder.invokeStatic(java.lang.Object, java.lang.Object, java.lang.Object, java.lang.Object)'> (0x00000000c50f23e8) 
thrown [s\open\src\hotspot\share\interpreter\linkResolver.cpp, line 759]
Event: 19.250 Thread 0x0000025ef42fda40 Exception <a 'java/lang/NoSuchMethodError'{0x00000000c4f509e8}: 'void java.lang.invoke.DirectMethodHandle$Holder.invokeInterface(java.lang.Object, java.lang.Object, java.lang.Object, java.lang.Object)'> (0x00000000c4f509e8) 
thrown [s\open\src\hotspot\share\interpreter\linkResolver.cpp, line 759]

VM Operations (20 events):
Event: 32.547 Executing VM operation: G1TryInitiateConcMark done
Event: 32.562 Executing VM operation: G1Concurrent
Event: 32.566 Executing VM operation: G1Concurrent done
Event: 32.575 Executing VM operation: G1Concurrent
Event: 32.576 Executing VM operation: G1Concurrent done
Event: 32.586 Executing VM operation: G1TryInitiateConcMark
Event: 32.588 Executing VM operation: G1TryInitiateConcMark done
Event: 32.605 Executing VM operation: G1Concurrent
Event: 32.607 Executing VM operation: G1Concurrent done
Event: 32.616 Executing VM operation: G1Concurrent
Event: 32.616 Executing VM operation: G1Concurrent done
Event: 32.647 Executing VM operation: G1TryInitiateConcMark
Event: 32.649 Executing VM operation: G1TryInitiateConcMark done
Event: 32.669 Executing VM operation: G1Concurrent
Event: 32.672 Executing VM operation: G1Concurrent done
Event: 32.683 Executing VM operation: G1Concurrent
Event: 32.683 Executing VM operation: G1Concurrent done
Event: 32.711 Executing VM operation: G1TryInitiateConcMark
Event: 32.713 Executing VM operation: G1TryInitiateConcMark done
Event: 32.732 Executing VM operation: G1Concurrent

Events (20 events):
Event: 30.840 loading class javax/swing/plaf/basic/BasicMenuItemUI$Actions done
Event: 30.841 loading class javax/swing/JCheckBoxMenuItem
Event: 30.841 loading class javax/swing/JCheckBoxMenuItem done
Event: 30.841 loading class javax/swing/JRadioButtonMenuItem
Event: 30.841 loading class javax/swing/JRadioButtonMenuItem done
Event: 30.845 loading class javax/swing/plaf/basic/BasicPopupMenuUI$MouseGrabber$2
Event: 30.845 loading class javax/swing/plaf/basic/BasicPopupMenuUI$MouseGrabber$2 done
Event: 31.169 Thread 0x0000025ef437a230 Thread added: 0x0000025ef437a230
Event: 31.302 loading class java/awt/image/DataBufferByte
Event: 31.303 loading class java/awt/image/DataBufferByte done
Event: 31.305 loading class java/awt/image/PixelInterleavedSampleModel
Event: 31.306 loading class java/awt/image/ComponentSampleModel
Event: 31.307 loading class java/awt/image/ComponentSampleModel done
Event: 31.307 loading class java/awt/image/PixelInterleavedSampleModel done
Event: 31.307 loading class sun/awt/image/ByteInterleavedRaster
Event: 31.308 loading class sun/awt/image/ByteComponentRaster
Event: 31.308 loading class sun/awt/image/ByteComponentRaster done
Event: 31.308 loading class sun/awt/image/ByteInterleavedRaster done
Event: 31.310 loading class sun/awt/image/BytePackedRaster
Event: 31.310 loading class sun/awt/image/BytePackedRaster done


Dynamic libraries:
0x00007ff6c44b0000 - 0x00007ff6c44c0000 	C:\Program Files\Java\jdk-17\bin\java.exe
0x00007ffb59330000 - 0x00007ffb59528000 	C:\Windows\SYSTEM32\ntdll.dll
0x00007ffb58b60000 - 0x00007ffb58c22000 	C:\Windows\System32\KERNEL32.DLL
0x00007ffb56c90000 - 0x00007ffb56f8e000 	C:\Windows\System32\KERNELBASE.dll
0x00007ffb531a0000 - 0x00007ffb53234000 	C:\Windows\SYSTEM32\apphelp.dll
0x00007ffb56af0000 - 0x00007ffb56bf0000 	C:\Windows\System32\ucrtbase.dll
0x00007ffb4eaa0000 - 0x00007ffb4eabb000 	C:\Program Files\Java\jdk-17\bin\VCRUNTIME140.dll
0x00007ffb4ec40000 - 0x00007ffb4ec59000 	C:\Program Files\Java\jdk-17\bin\jli.dll
0x00007ffb57350000 - 0x00007ffb57401000 	C:\Windows\System32\ADVAPI32.dll
0x00007ffb58ac0000 - 0x00007ffb58b5e000 	C:\Windows\System32\msvcrt.dll
0x00007ffb58890000 - 0x00007ffb5892f000 	C:\Windows\System32\sechost.dll
0x00007ffb590a0000 - 0x00007ffb591c3000 	C:\Windows\System32\RPCRT4.dll
0x00007ffb572d0000 - 0x00007ffb572f7000 	C:\Windows\System32\bcrypt.dll
0x00007ffb584c0000 - 0x00007ffb5865d000 	C:\Windows\System32\USER32.dll
0x00007ffb56c60000 - 0x00007ffb56c82000 	C:\Windows\System32\win32u.dll
0x00007ffb46180000 - 0x00007ffb4641a000 	C:\Windows\WinSxS\amd64_microsoft.windows.common-controls_6595b64144ccf1df_6.0.19041.4355_none_60b8b9eb71f62e16\COMCTL32.dll
0x00007ffb58860000 - 0x00007ffb5888b000 	C:\Windows\System32\GDI32.dll
0x00007ffb569d0000 - 0x00007ffb56ae7000 	C:\Windows\System32\gdi32full.dll
0x00007ffb56f90000 - 0x00007ffb5702d000 	C:\Windows\System32\msvcp_win.dll
0x00007ffb47d20000 - 0x00007ffb47d2a000 	C:\Windows\SYSTEM32\VERSION.dll
0x00007ffb576b0000 - 0x00007ffb576df000 	C:\Windows\System32\IMM32.DLL
0x00007ffb4a0a0000 - 0x00007ffb4a0ac000 	C:\Program Files\Java\jdk-17\bin\vcruntime140_1.dll
0x00007ffb2bfb0000 - 0x00007ffb2c03e000 	C:\Program Files\Java\jdk-17\bin\msvcp140.dll
0x00007ffb27870000 - 0x00007ffb28450000 	C:\Program Files\Java\jdk-17\bin\server\jvm.dll
0x00007ffb58930000 - 0x00007ffb58938000 	C:\Windows\System32\PSAPI.DLL
0x00007ffb4a200000 - 0x00007ffb4a227000 	C:\Windows\SYSTEM32\WINMM.dll
0x00007ffb517c0000 - 0x00007ffb517c9000 	C:\Windows\SYSTEM32\WSOCK32.dll
0x00007ffb586c0000 - 0x00007ffb5872b000 	C:\Windows\System32\WS2_32.dll
0x00007ffb54850000 - 0x00007ffb54862000 	C:\Windows\SYSTEM32\kernel.appcore.dll
0x00007ffb47f80000 - 0x00007ffb47f8a000 	C:\Program Files\Java\jdk-17\bin\jimage.dll
0x00007ffb422f0000 - 0x00007ffb424d4000 	C:\Windows\SYSTEM32\DBGHELP.DLL
0x00007ffb42220000 - 0x00007ffb42254000 	C:\Windows\SYSTEM32\dbgcore.DLL
0x00007ffb57240000 - 0x00007ffb572c2000 	C:\Windows\System32\bcryptPrimitives.dll
0x00007ffb44760000 - 0x00007ffb44785000 	C:\Program Files\Java\jdk-17\bin\java.dll
0x00007ffb2e680000 - 0x00007ffb2e757000 	C:\Program Files\Java\jdk-17\bin\jsvml.dll
0x00007ffb57740000 - 0x00007ffb57ead000 	C:\Windows\System32\SHELL32.dll
0x00007ffb54a50000 - 0x00007ffb551f4000 	C:\Windows\SYSTEM32\windows.storage.dll
0x00007ffb58cb0000 - 0x00007ffb59003000 	C:\Windows\System32\combase.dll
0x00007ffb56330000 - 0x00007ffb5635e000 	C:\Windows\SYSTEM32\Wldp.dll
0x00007ffb589f0000 - 0x00007ffb58abd000 	C:\Windows\System32\OLEAUT32.dll
0x00007ffb58940000 - 0x00007ffb589ed000 	C:\Windows\System32\SHCORE.dll
0x00007ffb576e0000 - 0x00007ffb57735000 	C:\Windows\System32\shlwapi.dll
0x00007ffb56900000 - 0x00007ffb56924000 	C:\Windows\SYSTEM32\profapi.dll
0x00007ffb46470000 - 0x00007ffb46489000 	C:\Program Files\Java\jdk-17\bin\net.dll
0x00007ffb4c270000 - 0x00007ffb4c37d000 	C:\Windows\SYSTEM32\WINHTTP.dll
0x00007ffb56090000 - 0x00007ffb560fa000 	C:\Windows\system32\mswsock.dll
0x00007ffb44ff0000 - 0x00007ffb45006000 	C:\Program Files\Java\jdk-17\bin\nio.dll
0x00007ffb447b0000 - 0x00007ffb447c8000 	C:\Program Files\Java\jdk-17\bin\zip.dll
0x00007ffb250b0000 - 0x00007ffb25241000 	C:\Program Files\Java\jdk-17\bin\awt.dll
0x00007ffb54550000 - 0x00007ffb5457f000 	C:\Windows\system32\DWMAPI.DLL
0x00007ffb54360000 - 0x00007ffb543fe000 	C:\Windows\system32\uxtheme.dll
0x00007ffb38120000 - 0x00007ffb38248000 	C:\Windows\system32\opengl32.dll
0x00007ffb45700000 - 0x00007ffb4572c000 	C:\Windows\SYSTEM32\GLU32.dll
0x00007ffb591d0000 - 0x00007ffb592e5000 	C:\Windows\System32\MSCTF.dll
0x00007ffb58730000 - 0x00007ffb5885b000 	C:\Windows\System32\ole32.dll
0x00007ffb505d0000 - 0x00007ffb505fe000 	C:\Program Files\Java\jdk-17\bin\javajpeg.dll
0x00007ffb2bf20000 - 0x00007ffb2bfa7000 	C:\Program Files\Java\jdk-17\bin\freetype.dll
0x00007ffb2b3f0000 - 0x00007ffb2b4d1000 	C:\Program Files\Java\jdk-17\bin\fontmanager.dll
0x00007ffb49a50000 - 0x00007ffb49b49000 	C:\Windows\SYSTEM32\textinputframework.dll
0x00007ffb52c00000 - 0x00007ffb52f5b000 	C:\Windows\System32\CoreUIComponents.dll
0x00007ffb52f60000 - 0x00007ffb53052000 	C:\Windows\System32\CoreMessaging.dll
0x00007ffb55c00000 - 0x00007ffb55c33000 	C:\Windows\SYSTEM32\ntmarta.dll
0x00007ffb53330000 - 0x00007ffb53487000 	C:\Windows\SYSTEM32\wintypes.dll
0x00007ffb57eb0000 - 0x00007ffb57f59000 	C:\Windows\System32\clbcatq.dll
0x00007ffb54150000 - 0x00007ffb54306000 	C:\Windows\SYSTEM32\WindowsCodecs.dll
0x00007ffb43200000 - 0x00007ffb4323e000 	C:\Windows\system32\dataexchange.dll
0x00007ffb51d80000 - 0x00007ffb51fe3000 	C:\Windows\system32\d3d11.dll
0x00007ffb525b0000 - 0x00007ffb52794000 	C:\Windows\system32\dcomp.dll
0x00007ffb55260000 - 0x00007ffb55356000 	C:\Windows\system32\dxgi.dll
0x00007ffb4ef90000 - 0x00007ffb4f193000 	C:\Windows\system32\twinapi.appcore.dll
0x00007ffb55db0000 - 0x00007ffb55e7a000 	C:\Windows\SYSTEM32\DNSAPI.dll
0x00007ffb55d70000 - 0x00007ffb55dab000 	C:\Windows\SYSTEM32\IPHLPAPI.DLL
0x00007ffb59070000 - 0x00007ffb59078000 	C:\Windows\System32\NSI.dll
0x00007ffb4f6f0000 - 0x00007ffb4f6fa000 	C:\Windows\System32\rasadhlp.dll
0x00007ffb45090000 - 0x00007ffb45110000 	C:\Windows\System32\fwpuclnt.dll
0x00007ffb56290000 - 0x00007ffb562a8000 	C:\Windows\SYSTEM32\CRYPTSP.dll
0x00007ffb559b0000 - 0x00007ffb559e4000 	C:\Windows\system32\rsaenh.dll
0x00007ffb56880000 - 0x00007ffb568ae000 	C:\Windows\SYSTEM32\USERENV.dll
0x00007ffb56280000 - 0x00007ffb5628c000 	C:\Windows\SYSTEM32\CRYPTBASE.dll
0x00007ffb4b2d0000 - 0x00007ffb4b2e7000 	C:\Windows\SYSTEM32\dhcpcsvc6.DLL
0x00007ffb4e050000 - 0x00007ffb4e06d000 	C:\Windows\SYSTEM32\dhcpcsvc.DLL
0x00007ffb44ce0000 - 0x00007ffb44cee000 	C:\Program Files\Java\jdk-17\bin\sunmscapi.dll
0x00007ffb57030000 - 0x00007ffb5718c000 	C:\Windows\System32\CRYPT32.dll
0x00007ffb563a0000 - 0x00007ffb563c7000 	C:\Windows\SYSTEM32\ncrypt.dll
0x00007ffb56360000 - 0x00007ffb5639b000 	C:\Windows\SYSTEM32\NTASN1.dll

dbghelp: loaded successfully - version: 4.0.5 - missing functions: none
symbol engine: initialized successfully - sym options: 0x614 - pdb path: .;C:\Program Files\Java\jdk-17\bin;C:\Windows\SYSTEM32;C:\Windows\WinSxS\amd64_microsoft.windows.common-controls_6595b64144ccf1df_6.0.19041.4355_none_60b8b9eb71f62e16;C:\Program Files\Java\jdk-17\bin\server

VM Arguments:
jvm_args: -Dfile.encoding=UTF-8 
java_command: travel.management.system.Splash
java_class_path (initial): C:\Users\Raghav\OneDrive\Desktop\Travel-and-Toursim-Management-System\Travel Management System\lib\rs2xml.jar;C:\Users\Raghav\OneDrive\Desktop\Travel-and-Toursim-Management-System\Travel Management System\lib\mysql-connector-j-9.1.0.jar;C:\Users\Raghav\OneDrive\Desktop\Travel-and-Toursim-Management-System\Travel Management System\build\classes
Launcher Type: SUN_STANDARD

[Global flags]
     intx CICompilerCount                          = 3                                         {product} {ergonomic}
     uint ConcGCThreads                            = 1                                         {product} {ergonomic}
     uint G1ConcRefinementThreads                  = 4                                         {product} {ergonomic}
   size_t G1HeapRegionSize                         = 1048576                                   {product} {ergonomic}
    uintx GCDrainStackTargetSize                   = 64                                        {product} {ergonomic}
   size_t InitialHeapSize                          = 67108864                                  {product} {ergonomic}
   size_t MarkStackSize                            = 4194304                                   {product} {ergonomic}
   size_t MaxHeapSize                              = 1052770304                                {product} {ergonomic}
   size_t MaxNewSize                               = 631242752                                 {product} {ergonomic}
   size_t MinHeapDeltaBytes                        = 1048576                                   {product} {ergonomic}
   size_t MinHeapSize                              = 8388608                                   {product} {ergonomic}
    uintx NonNMethodCodeHeapSize                   = 5832780                                {pd product} {ergonomic}
    uintx NonProfiledCodeHeapSize                  = 122912730                              {pd product} {ergonomic}
    uintx ProfiledCodeHeapSize                     = 122912730                              {pd product} {ergonomic}
    uintx ReservedCodeCacheSize                    = 251658240                              {pd product} {ergonomic}
     bool SegmentedCodeCache                       = true                                      {product} {ergonomic}
   size_t SoftMaxHeapSize                          = 1052770304                             {manageable} {ergonomic}
     bool UseCompressedClassPointers               = true                           {product lp64_product} {ergonomic}
     bool UseCompressedOops                        = true                           {product lp64_product} {ergonomic}
     bool UseG1GC                                  = true                                      {product} {ergonomic}
     bool UseLargePagesIndividualAllocation        = false                                  {pd product} {ergonomic}

Logging:
Log output configuration:
 #0: stdout all=warning uptime,level,tags
 #1: stderr all=off uptime,level,tags

Environment Variables:
PATH=C:\Program Files\Common Files\Oracle\Java\javapath;C:\Program Files\Eclipse Adoptium\jdk-21.0.4.7-hotspot\bin;C:\Windows\system32;C:\Windows;C:\Windows\System32\Wbem;C:\Windows\System32\WindowsPowerShell\v1.0\;C:\Windows\System32\OpenSSH\;C:\Program Files\Git\cmd;C:\Program Files\MySQL\MySQL Shell 8.0\bin\;C:\Users\Raghav\AppData\Local\Microsoft\WindowsApps;C:\Users\Raghav\Downloads\apache-maven-3.9.9-bin\apache-maven-3.9.9\bin;C:\Users\Raghav\AppData\Local\Programs\Microsoft VS Code\bin;C:\Program Files\Git\bin;C:\Program Files\Git\cmd;C:\Users\Raghav\AppData\Local\GitHubDesktop\bin;D:\apache-maven-3.9.9\bin;C:\Program Files\JetBrains\IntelliJ IDEA 2024.2.4\bin;;C:\Users\Raghav\Downloads\jdk-23.0.1\bin;
USERNAME=Raghav
OS=Windows_NT
PROCESSOR_IDENTIFIER=Intel64 Family 6 Model 61 Stepping 4, GenuineIntel



---------------  S Y S T E M  ---------------

OS:
 Windows 10 , 64 bit Build 19041 (10.0.19041.5072)
OS uptime: 1 days 18:53 hours

CPU: total 4 (initial active 4) (2 cores per cpu, 2 threads per core) family 6 model 61 stepping 4 microcode 0x2d, cx8, cmov, fxsr, ht, mmx, 3dnowpref, sse, sse2, sse3, ssse3, sse4.1, sse4.2, popcnt, lzcnt, tsc, tscinvbit, avx, avx2, aes, erms, clmul, bmi1, bmi2, adx, fma, vzeroupper, clflush

Memory: 4k page, system-wide physical 4011M (205M free)
TotalPageFile size 16299M (AvailPageFile size 18M)
current process WorkingSet (physical memory assigned to process): 235M, peak: 235M
current process commit charge ("private bytes"): 306M, peak: 321M

vm_info: Java HotSpot(TM) 64-Bit Server VM (17.0.11+7-LTS-207) for windows-amd64 JRE (17.0.11+7-LTS-207), built on Mar 11 2024 19:01:50 by "mach5one" with MS VC++ 17.6 (VS2022)

END.
